{"/home/heisenberg/Codes/node-c-parser/lib/translation_unit.js":{"path":"/home/heisenberg/Codes/node-c-parser/lib/translation_unit.js","s":{"1":1,"2":1,"3":1,"4":1,"5":0,"6":0,"7":0,"8":0,"9":0,"10":0,"11":0,"12":0,"13":0,"14":0,"15":0,"16":0,"17":0,"18":1},"b":{"1":[0,0],"2":[0,0],"3":[0,0]},"f":{"1":0},"fnMap":{"1":{"name":"(anonymous_1)","line":9,"loc":{"start":{"line":9,"column":23},"end":{"line":9,"column":52}}}},"statementMap":{"1":{"start":{"line":5,"column":0},"end":{"line":5,"column":26}},"2":{"start":{"line":6,"column":0},"end":{"line":6,"column":82}},"3":{"start":{"line":7,"column":0},"end":{"line":7,"column":76}},"4":{"start":{"line":9,"column":0},"end":{"line":27,"column":1}},"5":{"start":{"line":10,"column":4},"end":{"line":10,"column":54}},"6":{"start":{"line":11,"column":4},"end":{"line":11,"column":35}},"7":{"start":{"line":13,"column":4},"end":{"line":13,"column":43}},"8":{"start":{"line":14,"column":4},"end":{"line":14,"column":30}},"9":{"start":{"line":16,"column":4},"end":{"line":16,"column":60}},"10":{"start":{"line":17,"column":4},"end":{"line":17,"column":70}},"11":{"start":{"line":17,"column":16},"end":{"line":17,"column":70}},"12":{"start":{"line":18,"column":4},"end":{"line":26,"column":5}},"13":{"start":{"line":19,"column":8},"end":{"line":19,"column":43}},"14":{"start":{"line":20,"column":8},"end":{"line":20,"column":43}},"15":{"start":{"line":21,"column":8},"end":{"line":21,"column":48}},"16":{"start":{"line":22,"column":8},"end":{"line":22,"column":24}},"17":{"start":{"line":25,"column":8},"end":{"line":25,"column":15}},"18":{"start":{"line":28,"column":0},"end":{"line":28,"column":51}}},"branchMap":{"1":{"line":17,"type":"if","locations":[{"start":{"line":17,"column":4},"end":{"line":17,"column":4}},{"start":{"line":17,"column":4},"end":{"line":17,"column":4}}]},"2":{"line":18,"type":"if","locations":[{"start":{"line":18,"column":4},"end":{"line":18,"column":4}},{"start":{"line":18,"column":4},"end":{"line":18,"column":4}}]},"3":{"line":18,"type":"binary-expr","locations":[{"start":{"line":18,"column":7},"end":{"line":18,"column":14}},{"start":{"line":18,"column":18},"end":{"line":18,"column":25}}]}}},"/home/heisenberg/Codes/node-c-parser/lib/external_declaration.js":{"path":"/home/heisenberg/Codes/node-c-parser/lib/external_declaration.js","s":{"1":1,"2":1,"3":1,"4":1,"5":1,"6":1,"7":0,"8":0,"9":0,"10":0,"11":1,"12":0,"13":0,"14":0,"15":0,"16":1,"17":1,"18":0,"19":0,"20":0,"21":0,"22":0,"23":0,"24":0,"25":0,"26":0,"27":1},"b":{"1":[0,0],"2":[0,0],"3":[0,0]},"f":{"1":0,"2":0,"3":0},"fnMap":{"1":{"name":"(anonymous_1)","line":12,"loc":{"start":{"line":12,"column":29},"end":{"line":12,"column":64}}},"2":{"name":"(anonymous_2)","line":20,"loc":{"start":{"line":20,"column":29},"end":{"line":20,"column":64}}},"3":{"name":"(anonymous_3)","line":33,"loc":{"start":{"line":33,"column":27},"end":{"line":33,"column":56}}}},"statementMap":{"1":{"start":{"line":6,"column":0},"end":{"line":6,"column":26}},"2":{"start":{"line":7,"column":0},"end":{"line":7,"column":29}},"3":{"start":{"line":8,"column":0},"end":{"line":8,"column":79}},"4":{"start":{"line":9,"column":0},"end":{"line":9,"column":55}},"5":{"start":{"line":10,"column":0},"end":{"line":10,"column":65}},"6":{"start":{"line":12,"column":0},"end":{"line":18,"column":2}},"7":{"start":{"line":13,"column":4},"end":{"line":13,"column":23}},"8":{"start":{"line":14,"column":4},"end":{"line":14,"column":55}},"9":{"start":{"line":15,"column":4},"end":{"line":17,"column":5}},"10":{"start":{"line":16,"column":8},"end":{"line":16,"column":39}},"11":{"start":{"line":20,"column":0},"end":{"line":26,"column":2}},"12":{"start":{"line":21,"column":4},"end":{"line":21,"column":23}},"13":{"start":{"line":22,"column":4},"end":{"line":22,"column":47}},"14":{"start":{"line":23,"column":4},"end":{"line":25,"column":5}},"15":{"start":{"line":24,"column":8},"end":{"line":24,"column":39}},"16":{"start":{"line":28,"column":0},"end":{"line":31,"column":2}},"17":{"start":{"line":33,"column":0},"end":{"line":46,"column":2}},"18":{"start":{"line":34,"column":4},"end":{"line":34,"column":22}},"19":{"start":{"line":35,"column":4},"end":{"line":35,"column":35}},"20":{"start":{"line":36,"column":4},"end":{"line":36,"column":47}},"21":{"start":{"line":37,"column":4},"end":{"line":37,"column":30}},"22":{"start":{"line":38,"column":4},"end":{"line":38,"column":69}},"23":{"start":{"line":39,"column":4},"end":{"line":45,"column":5}},"24":{"start":{"line":40,"column":8},"end":{"line":40,"column":48}},"25":{"start":{"line":41,"column":8},"end":{"line":41,"column":24}},"26":{"start":{"line":44,"column":8},"end":{"line":44,"column":15}},"27":{"start":{"line":47,"column":0},"end":{"line":47,"column":59}}},"branchMap":{"1":{"line":15,"type":"if","locations":[{"start":{"line":15,"column":4},"end":{"line":15,"column":4}},{"start":{"line":15,"column":4},"end":{"line":15,"column":4}}]},"2":{"line":23,"type":"if","locations":[{"start":{"line":23,"column":4},"end":{"line":23,"column":4}},{"start":{"line":23,"column":4},"end":{"line":23,"column":4}}]},"3":{"line":39,"type":"if","locations":[{"start":{"line":39,"column":4},"end":{"line":39,"column":4}},{"start":{"line":39,"column":4},"end":{"line":39,"column":4}}]}}},"/home/heisenberg/Codes/node-c-parser/lib/function_definition.js":{"path":"/home/heisenberg/Codes/node-c-parser/lib/function_definition.js","s":{"1":1,"2":1,"3":1,"4":1,"5":1,"6":1,"7":1,"8":0,"9":0,"10":0,"11":0,"12":0,"13":0,"14":0,"15":0,"16":0,"17":0,"18":0,"19":0,"20":0,"21":0,"22":0,"23":0,"24":0,"25":0,"26":0,"27":0,"28":0,"29":0,"30":0,"31":0,"32":0,"33":0,"34":0,"35":0,"36":0,"37":0,"38":0,"39":0,"40":0,"41":0,"42":0,"43":0,"44":0,"45":0,"46":0,"47":0,"48":0,"49":0,"50":0,"51":0,"52":0,"53":0,"54":0,"55":0,"56":1,"57":0,"58":0,"59":0,"60":0,"61":0,"62":0,"63":0,"64":0,"65":0,"66":1},"b":{"1":[0,0],"2":[0,0],"3":[0,0],"4":[0,0],"5":[0,0],"6":[0,0],"7":[0,0],"8":[0,0],"9":[0,0],"10":[0,0],"11":[0,0],"12":[0,0],"13":[0,0]},"f":{"1":0,"2":0,"3":0,"4":0,"5":0},"fnMap":{"1":{"name":"(anonymous_1)","line":16,"loc":{"start":{"line":16,"column":4},"end":{"line":16,"column":39}}},"2":{"name":"(anonymous_2)","line":32,"loc":{"start":{"line":32,"column":4},"end":{"line":32,"column":39}}},"3":{"name":"(anonymous_3)","line":45,"loc":{"start":{"line":45,"column":4},"end":{"line":45,"column":39}}},"4":{"name":"(anonymous_4)","line":58,"loc":{"start":{"line":58,"column":4},"end":{"line":58,"column":39}}},"5":{"name":"(anonymous_5)","line":70,"loc":{"start":{"line":70,"column":26},"end":{"line":70,"column":55}}}},"statementMap":{"1":{"start":{"line":8,"column":0},"end":{"line":8,"column":26}},"2":{"start":{"line":9,"column":0},"end":{"line":9,"column":88}},"3":{"start":{"line":10,"column":0},"end":{"line":10,"column":52}},"4":{"start":{"line":11,"column":0},"end":{"line":11,"column":70}},"5":{"start":{"line":12,"column":0},"end":{"line":12,"column":61}},"6":{"start":{"line":13,"column":0},"end":{"line":13,"column":65}},"7":{"start":{"line":15,"column":0},"end":{"line":68,"column":2}},"8":{"start":{"line":17,"column":8},"end":{"line":17,"column":27}},"9":{"start":{"line":18,"column":8},"end":{"line":18,"column":27}},"10":{"start":{"line":19,"column":8},"end":{"line":19,"column":27}},"11":{"start":{"line":20,"column":8},"end":{"line":20,"column":27}},"12":{"start":{"line":21,"column":8},"end":{"line":21,"column":62}},"13":{"start":{"line":22,"column":8},"end":{"line":22,"column":62}},"14":{"start":{"line":22,"column":20},"end":{"line":22,"column":62}},"15":{"start":{"line":23,"column":8},"end":{"line":23,"column":68}},"16":{"start":{"line":23,"column":20},"end":{"line":23,"column":68}},"17":{"start":{"line":24,"column":8},"end":{"line":24,"column":65}},"18":{"start":{"line":24,"column":20},"end":{"line":24,"column":65}},"19":{"start":{"line":25,"column":8},"end":{"line":30,"column":9}},"20":{"start":{"line":26,"column":12},"end":{"line":26,"column":43}},"21":{"start":{"line":27,"column":12},"end":{"line":27,"column":43}},"22":{"start":{"line":28,"column":12},"end":{"line":28,"column":43}},"23":{"start":{"line":29,"column":12},"end":{"line":29,"column":43}},"24":{"start":{"line":33,"column":8},"end":{"line":33,"column":27}},"25":{"start":{"line":34,"column":8},"end":{"line":34,"column":27}},"26":{"start":{"line":35,"column":8},"end":{"line":35,"column":27}},"27":{"start":{"line":36,"column":8},"end":{"line":36,"column":62}},"28":{"start":{"line":37,"column":8},"end":{"line":37,"column":62}},"29":{"start":{"line":37,"column":20},"end":{"line":37,"column":62}},"30":{"start":{"line":38,"column":8},"end":{"line":38,"column":65}},"31":{"start":{"line":38,"column":20},"end":{"line":38,"column":65}},"32":{"start":{"line":39,"column":8},"end":{"line":43,"column":9}},"33":{"start":{"line":40,"column":12},"end":{"line":40,"column":43}},"34":{"start":{"line":41,"column":12},"end":{"line":41,"column":43}},"35":{"start":{"line":42,"column":12},"end":{"line":42,"column":43}},"36":{"start":{"line":46,"column":8},"end":{"line":46,"column":27}},"37":{"start":{"line":47,"column":8},"end":{"line":47,"column":27}},"38":{"start":{"line":48,"column":8},"end":{"line":48,"column":27}},"39":{"start":{"line":49,"column":8},"end":{"line":49,"column":50}},"40":{"start":{"line":50,"column":8},"end":{"line":50,"column":68}},"41":{"start":{"line":50,"column":20},"end":{"line":50,"column":68}},"42":{"start":{"line":51,"column":8},"end":{"line":51,"column":65}},"43":{"start":{"line":51,"column":20},"end":{"line":51,"column":65}},"44":{"start":{"line":52,"column":8},"end":{"line":56,"column":9}},"45":{"start":{"line":53,"column":12},"end":{"line":53,"column":43}},"46":{"start":{"line":54,"column":12},"end":{"line":54,"column":43}},"47":{"start":{"line":55,"column":12},"end":{"line":55,"column":43}},"48":{"start":{"line":59,"column":8},"end":{"line":59,"column":27}},"49":{"start":{"line":60,"column":8},"end":{"line":60,"column":27}},"50":{"start":{"line":61,"column":8},"end":{"line":61,"column":50}},"51":{"start":{"line":62,"column":8},"end":{"line":62,"column":65}},"52":{"start":{"line":62,"column":20},"end":{"line":62,"column":65}},"53":{"start":{"line":63,"column":8},"end":{"line":66,"column":9}},"54":{"start":{"line":64,"column":12},"end":{"line":64,"column":43}},"55":{"start":{"line":65,"column":12},"end":{"line":65,"column":43}},"56":{"start":{"line":70,"column":0},"end":{"line":83,"column":1}},"57":{"start":{"line":71,"column":4},"end":{"line":71,"column":22}},"58":{"start":{"line":72,"column":4},"end":{"line":72,"column":35}},"59":{"start":{"line":73,"column":4},"end":{"line":73,"column":46}},"60":{"start":{"line":74,"column":4},"end":{"line":74,"column":30}},"61":{"start":{"line":75,"column":4},"end":{"line":75,"column":69}},"62":{"start":{"line":76,"column":4},"end":{"line":82,"column":5}},"63":{"start":{"line":77,"column":8},"end":{"line":77,"column":48}},"64":{"start":{"line":78,"column":8},"end":{"line":78,"column":24}},"65":{"start":{"line":81,"column":8},"end":{"line":81,"column":15}},"66":{"start":{"line":84,"column":0},"end":{"line":84,"column":57}}},"branchMap":{"1":{"line":22,"type":"if","locations":[{"start":{"line":22,"column":8},"end":{"line":22,"column":8}},{"start":{"line":22,"column":8},"end":{"line":22,"column":8}}]},"2":{"line":23,"type":"if","locations":[{"start":{"line":23,"column":8},"end":{"line":23,"column":8}},{"start":{"line":23,"column":8},"end":{"line":23,"column":8}}]},"3":{"line":24,"type":"if","locations":[{"start":{"line":24,"column":8},"end":{"line":24,"column":8}},{"start":{"line":24,"column":8},"end":{"line":24,"column":8}}]},"4":{"line":25,"type":"if","locations":[{"start":{"line":25,"column":8},"end":{"line":25,"column":8}},{"start":{"line":25,"column":8},"end":{"line":25,"column":8}}]},"5":{"line":37,"type":"if","locations":[{"start":{"line":37,"column":8},"end":{"line":37,"column":8}},{"start":{"line":37,"column":8},"end":{"line":37,"column":8}}]},"6":{"line":38,"type":"if","locations":[{"start":{"line":38,"column":8},"end":{"line":38,"column":8}},{"start":{"line":38,"column":8},"end":{"line":38,"column":8}}]},"7":{"line":39,"type":"if","locations":[{"start":{"line":39,"column":8},"end":{"line":39,"column":8}},{"start":{"line":39,"column":8},"end":{"line":39,"column":8}}]},"8":{"line":50,"type":"if","locations":[{"start":{"line":50,"column":8},"end":{"line":50,"column":8}},{"start":{"line":50,"column":8},"end":{"line":50,"column":8}}]},"9":{"line":51,"type":"if","locations":[{"start":{"line":51,"column":8},"end":{"line":51,"column":8}},{"start":{"line":51,"column":8},"end":{"line":51,"column":8}}]},"10":{"line":52,"type":"if","locations":[{"start":{"line":52,"column":8},"end":{"line":52,"column":8}},{"start":{"line":52,"column":8},"end":{"line":52,"column":8}}]},"11":{"line":62,"type":"if","locations":[{"start":{"line":62,"column":8},"end":{"line":62,"column":8}},{"start":{"line":62,"column":8},"end":{"line":62,"column":8}}]},"12":{"line":63,"type":"if","locations":[{"start":{"line":63,"column":8},"end":{"line":63,"column":8}},{"start":{"line":63,"column":8},"end":{"line":63,"column":8}}]},"13":{"line":76,"type":"if","locations":[{"start":{"line":76,"column":4},"end":{"line":76,"column":4}},{"start":{"line":76,"column":4},"end":{"line":76,"column":4}}]}}},"/home/heisenberg/Codes/node-c-parser/lib/declaration_specifiers.js":{"path":"/home/heisenberg/Codes/node-c-parser/lib/declaration_specifiers.js","s":{"1":1,"2":1,"3":1,"4":1,"5":1,"6":1,"7":0,"8":0,"9":0,"10":0,"11":0,"12":0,"13":0,"14":0,"15":0,"16":0,"17":0,"18":0,"19":0,"20":0,"21":0,"22":0,"23":0,"24":0,"25":0,"26":0,"27":0,"28":0,"29":0,"30":0,"31":0,"32":0,"33":0,"34":0,"35":0,"36":0,"37":0,"38":0,"39":0,"40":0,"41":0,"42":0,"43":1,"44":0,"45":0,"46":0,"47":0,"48":0,"49":0,"50":0,"51":0,"52":0,"53":1},"b":{"1":[0,0],"2":[0,0],"3":[0,0],"4":[0,0],"5":[0,0],"6":[0,0],"7":[0,0],"8":[0,0],"9":[0,0],"10":[0,0]},"f":{"1":0,"2":0,"3":0,"4":0,"5":0,"6":0,"7":0},"fnMap":{"1":{"name":"(anonymous_1)","line":17,"loc":{"start":{"line":17,"column":4},"end":{"line":17,"column":39}}},"2":{"name":"(anonymous_2)","line":24,"loc":{"start":{"line":24,"column":4},"end":{"line":24,"column":39}}},"3":{"name":"(anonymous_3)","line":34,"loc":{"start":{"line":34,"column":4},"end":{"line":34,"column":39}}},"4":{"name":"(anonymous_4)","line":41,"loc":{"start":{"line":41,"column":4},"end":{"line":41,"column":39}}},"5":{"name":"(anonymous_5)","line":51,"loc":{"start":{"line":51,"column":4},"end":{"line":51,"column":39}}},"6":{"name":"(anonymous_6)","line":58,"loc":{"start":{"line":58,"column":4},"end":{"line":58,"column":39}}},"7":{"name":"(anonymous_7)","line":70,"loc":{"start":{"line":70,"column":29},"end":{"line":70,"column":58}}}},"statementMap":{"1":{"start":{"line":10,"column":0},"end":{"line":10,"column":26}},"2":{"start":{"line":11,"column":0},"end":{"line":11,"column":65}},"3":{"start":{"line":12,"column":0},"end":{"line":12,"column":91}},"4":{"start":{"line":13,"column":0},"end":{"line":13,"column":64}},"5":{"start":{"line":14,"column":0},"end":{"line":14,"column":64}},"6":{"start":{"line":16,"column":0},"end":{"line":68,"column":2}},"7":{"start":{"line":18,"column":8},"end":{"line":18,"column":27}},"8":{"start":{"line":19,"column":8},"end":{"line":19,"column":63}},"9":{"start":{"line":20,"column":8},"end":{"line":22,"column":9}},"10":{"start":{"line":21,"column":12},"end":{"line":21,"column":43}},"11":{"start":{"line":25,"column":8},"end":{"line":25,"column":27}},"12":{"start":{"line":26,"column":8},"end":{"line":26,"column":27}},"13":{"start":{"line":27,"column":8},"end":{"line":27,"column":63}},"14":{"start":{"line":28,"column":8},"end":{"line":28,"column":74}},"15":{"start":{"line":28,"column":20},"end":{"line":28,"column":74}},"16":{"start":{"line":29,"column":8},"end":{"line":32,"column":9}},"17":{"start":{"line":30,"column":12},"end":{"line":30,"column":43}},"18":{"start":{"line":31,"column":12},"end":{"line":31,"column":43}},"19":{"start":{"line":35,"column":8},"end":{"line":35,"column":27}},"20":{"start":{"line":36,"column":8},"end":{"line":36,"column":54}},"21":{"start":{"line":37,"column":8},"end":{"line":39,"column":9}},"22":{"start":{"line":38,"column":12},"end":{"line":38,"column":43}},"23":{"start":{"line":42,"column":8},"end":{"line":42,"column":27}},"24":{"start":{"line":43,"column":8},"end":{"line":43,"column":27}},"25":{"start":{"line":44,"column":8},"end":{"line":44,"column":54}},"26":{"start":{"line":45,"column":8},"end":{"line":45,"column":74}},"27":{"start":{"line":45,"column":20},"end":{"line":45,"column":74}},"28":{"start":{"line":46,"column":8},"end":{"line":49,"column":9}},"29":{"start":{"line":47,"column":12},"end":{"line":47,"column":43}},"30":{"start":{"line":48,"column":12},"end":{"line":48,"column":43}},"31":{"start":{"line":52,"column":8},"end":{"line":52,"column":27}},"32":{"start":{"line":53,"column":8},"end":{"line":53,"column":54}},"33":{"start":{"line":54,"column":8},"end":{"line":56,"column":9}},"34":{"start":{"line":55,"column":12},"end":{"line":55,"column":43}},"35":{"start":{"line":59,"column":8},"end":{"line":59,"column":27}},"36":{"start":{"line":60,"column":8},"end":{"line":60,"column":27}},"37":{"start":{"line":61,"column":8},"end":{"line":61,"column":54}},"38":{"start":{"line":62,"column":8},"end":{"line":62,"column":74}},"39":{"start":{"line":62,"column":20},"end":{"line":62,"column":74}},"40":{"start":{"line":63,"column":8},"end":{"line":66,"column":9}},"41":{"start":{"line":64,"column":12},"end":{"line":64,"column":43}},"42":{"start":{"line":65,"column":12},"end":{"line":65,"column":43}},"43":{"start":{"line":70,"column":0},"end":{"line":83,"column":1}},"44":{"start":{"line":71,"column":4},"end":{"line":71,"column":22}},"45":{"start":{"line":72,"column":4},"end":{"line":72,"column":35}},"46":{"start":{"line":73,"column":4},"end":{"line":73,"column":38}},"47":{"start":{"line":74,"column":4},"end":{"line":74,"column":30}},"48":{"start":{"line":75,"column":4},"end":{"line":75,"column":69}},"49":{"start":{"line":76,"column":4},"end":{"line":82,"column":5}},"50":{"start":{"line":77,"column":8},"end":{"line":77,"column":48}},"51":{"start":{"line":78,"column":8},"end":{"line":78,"column":24}},"52":{"start":{"line":81,"column":8},"end":{"line":81,"column":15}},"53":{"start":{"line":84,"column":0},"end":{"line":84,"column":63}}},"branchMap":{"1":{"line":20,"type":"if","locations":[{"start":{"line":20,"column":8},"end":{"line":20,"column":8}},{"start":{"line":20,"column":8},"end":{"line":20,"column":8}}]},"2":{"line":28,"type":"if","locations":[{"start":{"line":28,"column":8},"end":{"line":28,"column":8}},{"start":{"line":28,"column":8},"end":{"line":28,"column":8}}]},"3":{"line":29,"type":"if","locations":[{"start":{"line":29,"column":8},"end":{"line":29,"column":8}},{"start":{"line":29,"column":8},"end":{"line":29,"column":8}}]},"4":{"line":37,"type":"if","locations":[{"start":{"line":37,"column":8},"end":{"line":37,"column":8}},{"start":{"line":37,"column":8},"end":{"line":37,"column":8}}]},"5":{"line":45,"type":"if","locations":[{"start":{"line":45,"column":8},"end":{"line":45,"column":8}},{"start":{"line":45,"column":8},"end":{"line":45,"column":8}}]},"6":{"line":46,"type":"if","locations":[{"start":{"line":46,"column":8},"end":{"line":46,"column":8}},{"start":{"line":46,"column":8},"end":{"line":46,"column":8}}]},"7":{"line":54,"type":"if","locations":[{"start":{"line":54,"column":8},"end":{"line":54,"column":8}},{"start":{"line":54,"column":8},"end":{"line":54,"column":8}}]},"8":{"line":62,"type":"if","locations":[{"start":{"line":62,"column":8},"end":{"line":62,"column":8}},{"start":{"line":62,"column":8},"end":{"line":62,"column":8}}]},"9":{"line":63,"type":"if","locations":[{"start":{"line":63,"column":8},"end":{"line":63,"column":8}},{"start":{"line":63,"column":8},"end":{"line":63,"column":8}}]},"10":{"line":76,"type":"if","locations":[{"start":{"line":76,"column":4},"end":{"line":76,"column":4}},{"start":{"line":76,"column":4},"end":{"line":76,"column":4}}]}}},"/home/heisenberg/Codes/node-c-parser/lib/commons.js":{"path":"/home/heisenberg/Codes/node-c-parser/lib/commons.js","s":{"1":1,"2":1,"3":0,"4":1,"5":1,"6":0,"7":0,"8":0,"9":1,"10":1,"11":0,"12":0,"13":0,"14":0,"15":0,"16":0,"17":0,"18":1},"b":{"1":[0,0],"2":[0,0]},"f":{"1":0,"2":0,"3":0},"fnMap":{"1":{"name":"(anonymous_1)","line":3,"loc":{"start":{"line":3,"column":14},"end":{"line":3,"column":43}}},"2":{"name":"(anonymous_2)","line":8,"loc":{"start":{"line":8,"column":15},"end":{"line":8,"column":49}}},"3":{"name":"(anonymous_3)","line":18,"loc":{"start":{"line":18,"column":25},"end":{"line":18,"column":67}}}},"statementMap":{"1":{"start":{"line":1,"column":0},"end":{"line":1,"column":26}},"2":{"start":{"line":3,"column":0},"end":{"line":5,"column":2}},"3":{"start":{"line":4,"column":4},"end":{"line":4,"column":32}},"4":{"start":{"line":6,"column":0},"end":{"line":6,"column":33}},"5":{"start":{"line":8,"column":0},"end":{"line":15,"column":2}},"6":{"start":{"line":9,"column":4},"end":{"line":14,"column":5}},"7":{"start":{"line":10,"column":8},"end":{"line":10,"column":48}},"8":{"start":{"line":13,"column":8},"end":{"line":13,"column":20}},"9":{"start":{"line":16,"column":0},"end":{"line":16,"column":35}},"10":{"start":{"line":18,"column":0},"end":{"line":30,"column":2}},"11":{"start":{"line":19,"column":4},"end":{"line":19,"column":35}},"12":{"start":{"line":20,"column":4},"end":{"line":29,"column":5}},"13":{"start":{"line":21,"column":8},"end":{"line":21,"column":48}},"14":{"start":{"line":22,"column":8},"end":{"line":28,"column":9}},"15":{"start":{"line":23,"column":12},"end":{"line":23,"column":52}},"16":{"start":{"line":24,"column":12},"end":{"line":24,"column":18}},"17":{"start":{"line":27,"column":12},"end":{"line":27,"column":52}},"18":{"start":{"line":31,"column":0},"end":{"line":31,"column":55}}},"branchMap":{"1":{"line":9,"type":"if","locations":[{"start":{"line":9,"column":4},"end":{"line":9,"column":4}},{"start":{"line":9,"column":4},"end":{"line":9,"column":4}}]},"2":{"line":22,"type":"if","locations":[{"start":{"line":22,"column":8},"end":{"line":22,"column":8}},{"start":{"line":22,"column":8},"end":{"line":22,"column":8}}]}}},"/home/heisenberg/Codes/node-c-parser/lib/storage_class_specifier.js":{"path":"/home/heisenberg/Codes/node-c-parser/lib/storage_class_specifier.js","s":{"1":1,"2":1,"3":1,"4":1,"5":0,"6":0,"7":0,"8":0,"9":0,"10":0,"11":0,"12":0,"13":0,"14":0,"15":0,"16":0,"17":0,"18":0,"19":0,"20":0,"21":0,"22":0,"23":0,"24":0,"25":1,"26":0,"27":0,"28":0,"29":0,"30":0,"31":0,"32":0,"33":0,"34":0,"35":1},"b":{"1":[0,0],"2":[0,0],"3":[0,0],"4":[0,0],"5":[0,0],"6":[0,0]},"f":{"1":0,"2":0,"3":0,"4":0,"5":0,"6":0},"fnMap":{"1":{"name":"(anonymous_1)","line":16,"loc":{"start":{"line":16,"column":4},"end":{"line":16,"column":39}}},"2":{"name":"(anonymous_2)","line":23,"loc":{"start":{"line":23,"column":4},"end":{"line":23,"column":39}}},"3":{"name":"(anonymous_3)","line":30,"loc":{"start":{"line":30,"column":4},"end":{"line":30,"column":39}}},"4":{"name":"(anonymous_4)","line":37,"loc":{"start":{"line":37,"column":4},"end":{"line":37,"column":39}}},"5":{"name":"(anonymous_5)","line":44,"loc":{"start":{"line":44,"column":4},"end":{"line":44,"column":39}}},"6":{"name":"(anonymous_6)","line":53,"loc":{"start":{"line":53,"column":30},"end":{"line":53,"column":59}}}},"statementMap":{"1":{"start":{"line":11,"column":0},"end":{"line":11,"column":26}},"2":{"start":{"line":12,"column":0},"end":{"line":12,"column":65}},"3":{"start":{"line":13,"column":0},"end":{"line":13,"column":45}},"4":{"start":{"line":15,"column":0},"end":{"line":51,"column":2}},"5":{"start":{"line":17,"column":8},"end":{"line":17,"column":27}},"6":{"start":{"line":18,"column":8},"end":{"line":18,"column":59}},"7":{"start":{"line":19,"column":8},"end":{"line":21,"column":9}},"8":{"start":{"line":20,"column":12},"end":{"line":20,"column":43}},"9":{"start":{"line":24,"column":8},"end":{"line":24,"column":27}},"10":{"start":{"line":25,"column":8},"end":{"line":25,"column":58}},"11":{"start":{"line":26,"column":8},"end":{"line":28,"column":9}},"12":{"start":{"line":27,"column":12},"end":{"line":27,"column":43}},"13":{"start":{"line":31,"column":8},"end":{"line":31,"column":27}},"14":{"start":{"line":32,"column":8},"end":{"line":32,"column":58}},"15":{"start":{"line":33,"column":8},"end":{"line":35,"column":9}},"16":{"start":{"line":34,"column":12},"end":{"line":34,"column":43}},"17":{"start":{"line":38,"column":8},"end":{"line":38,"column":27}},"18":{"start":{"line":39,"column":8},"end":{"line":39,"column":56}},"19":{"start":{"line":40,"column":8},"end":{"line":42,"column":9}},"20":{"start":{"line":41,"column":12},"end":{"line":41,"column":43}},"21":{"start":{"line":45,"column":8},"end":{"line":45,"column":27}},"22":{"start":{"line":46,"column":8},"end":{"line":46,"column":60}},"23":{"start":{"line":47,"column":8},"end":{"line":49,"column":9}},"24":{"start":{"line":48,"column":12},"end":{"line":48,"column":43}},"25":{"start":{"line":53,"column":0},"end":{"line":66,"column":2}},"26":{"start":{"line":54,"column":4},"end":{"line":54,"column":22}},"27":{"start":{"line":55,"column":4},"end":{"line":55,"column":35}},"28":{"start":{"line":56,"column":4},"end":{"line":56,"column":50}},"29":{"start":{"line":57,"column":4},"end":{"line":57,"column":30}},"30":{"start":{"line":58,"column":4},"end":{"line":58,"column":69}},"31":{"start":{"line":59,"column":4},"end":{"line":65,"column":5}},"32":{"start":{"line":60,"column":8},"end":{"line":60,"column":48}},"33":{"start":{"line":61,"column":8},"end":{"line":61,"column":24}},"34":{"start":{"line":64,"column":8},"end":{"line":64,"column":15}},"35":{"start":{"line":67,"column":0},"end":{"line":67,"column":65}}},"branchMap":{"1":{"line":19,"type":"if","locations":[{"start":{"line":19,"column":8},"end":{"line":19,"column":8}},{"start":{"line":19,"column":8},"end":{"line":19,"column":8}}]},"2":{"line":26,"type":"if","locations":[{"start":{"line":26,"column":8},"end":{"line":26,"column":8}},{"start":{"line":26,"column":8},"end":{"line":26,"column":8}}]},"3":{"line":33,"type":"if","locations":[{"start":{"line":33,"column":8},"end":{"line":33,"column":8}},{"start":{"line":33,"column":8},"end":{"line":33,"column":8}}]},"4":{"line":40,"type":"if","locations":[{"start":{"line":40,"column":8},"end":{"line":40,"column":8}},{"start":{"line":40,"column":8},"end":{"line":40,"column":8}}]},"5":{"line":47,"type":"if","locations":[{"start":{"line":47,"column":8},"end":{"line":47,"column":8}},{"start":{"line":47,"column":8},"end":{"line":47,"column":8}}]},"6":{"line":59,"type":"if","locations":[{"start":{"line":59,"column":4},"end":{"line":59,"column":4}},{"start":{"line":59,"column":4},"end":{"line":59,"column":4}}]}}},"/home/heisenberg/Codes/node-c-parser/lib/type_specifier.js":{"path":"/home/heisenberg/Codes/node-c-parser/lib/type_specifier.js","s":{"1":1,"2":1,"3":1,"4":1,"5":1,"6":1,"7":0,"8":0,"9":0,"10":0,"11":0,"12":0,"13":0,"14":0,"15":0,"16":0,"17":0,"18":0,"19":0,"20":0,"21":0,"22":0,"23":0,"24":0,"25":0,"26":0,"27":0,"28":0,"29":0,"30":0,"31":0,"32":0,"33":0,"34":0,"35":0,"36":0,"37":0,"38":0,"39":0,"40":0,"41":0,"42":0,"43":0,"44":0,"45":0,"46":0,"47":0,"48":0,"49":0,"50":0,"51":1,"52":0,"53":0,"54":0,"55":0,"56":0,"57":0,"58":0,"59":0,"60":0,"61":1},"b":{"1":[0,0],"2":[0,0],"3":[0,0],"4":[0,0],"5":[0,0],"6":[0,0],"7":[0,0],"8":[0,0],"9":[0,0],"10":[0,0],"11":[0,0],"12":[0,0]},"f":{"1":0,"2":0,"3":0,"4":0,"5":0,"6":0,"7":0,"8":0,"9":0,"10":0,"11":0,"12":0},"fnMap":{"1":{"name":"(anonymous_1)","line":25,"loc":{"start":{"line":25,"column":4},"end":{"line":25,"column":39}}},"2":{"name":"(anonymous_2)","line":32,"loc":{"start":{"line":32,"column":4},"end":{"line":32,"column":39}}},"3":{"name":"(anonymous_3)","line":39,"loc":{"start":{"line":39,"column":4},"end":{"line":39,"column":39}}},"4":{"name":"(anonymous_4)","line":46,"loc":{"start":{"line":46,"column":4},"end":{"line":46,"column":39}}},"5":{"name":"(anonymous_5)","line":53,"loc":{"start":{"line":53,"column":4},"end":{"line":53,"column":39}}},"6":{"name":"(anonymous_6)","line":60,"loc":{"start":{"line":60,"column":4},"end":{"line":60,"column":39}}},"7":{"name":"(anonymous_7)","line":67,"loc":{"start":{"line":67,"column":4},"end":{"line":67,"column":39}}},"8":{"name":"(anonymous_8)","line":74,"loc":{"start":{"line":74,"column":4},"end":{"line":74,"column":39}}},"9":{"name":"(anonymous_9)","line":81,"loc":{"start":{"line":81,"column":4},"end":{"line":81,"column":39}}},"10":{"name":"(anonymous_10)","line":88,"loc":{"start":{"line":88,"column":4},"end":{"line":88,"column":39}}},"11":{"name":"(anonymous_11)","line":95,"loc":{"start":{"line":95,"column":4},"end":{"line":95,"column":39}}},"12":{"name":"(anonymous_12)","line":104,"loc":{"start":{"line":104,"column":21},"end":{"line":104,"column":50}}}},"statementMap":{"1":{"start":{"line":18,"column":0},"end":{"line":18,"column":26}},"2":{"start":{"line":19,"column":0},"end":{"line":19,"column":65}},"3":{"start":{"line":20,"column":0},"end":{"line":20,"column":45}},"4":{"start":{"line":21,"column":0},"end":{"line":21,"column":97}},"5":{"start":{"line":22,"column":0},"end":{"line":22,"column":64}},"6":{"start":{"line":24,"column":0},"end":{"line":102,"column":2}},"7":{"start":{"line":26,"column":8},"end":{"line":26,"column":27}},"8":{"start":{"line":27,"column":8},"end":{"line":27,"column":56}},"9":{"start":{"line":28,"column":8},"end":{"line":30,"column":9}},"10":{"start":{"line":29,"column":12},"end":{"line":29,"column":43}},"11":{"start":{"line":33,"column":8},"end":{"line":33,"column":27}},"12":{"start":{"line":34,"column":8},"end":{"line":34,"column":56}},"13":{"start":{"line":35,"column":8},"end":{"line":37,"column":9}},"14":{"start":{"line":36,"column":12},"end":{"line":36,"column":43}},"15":{"start":{"line":40,"column":8},"end":{"line":40,"column":27}},"16":{"start":{"line":41,"column":8},"end":{"line":41,"column":57}},"17":{"start":{"line":42,"column":8},"end":{"line":44,"column":9}},"18":{"start":{"line":43,"column":12},"end":{"line":43,"column":43}},"19":{"start":{"line":47,"column":8},"end":{"line":47,"column":27}},"20":{"start":{"line":48,"column":8},"end":{"line":48,"column":55}},"21":{"start":{"line":49,"column":8},"end":{"line":51,"column":9}},"22":{"start":{"line":50,"column":12},"end":{"line":50,"column":43}},"23":{"start":{"line":54,"column":8},"end":{"line":54,"column":27}},"24":{"start":{"line":55,"column":8},"end":{"line":55,"column":56}},"25":{"start":{"line":56,"column":8},"end":{"line":58,"column":9}},"26":{"start":{"line":57,"column":12},"end":{"line":57,"column":43}},"27":{"start":{"line":61,"column":8},"end":{"line":61,"column":27}},"28":{"start":{"line":62,"column":8},"end":{"line":62,"column":57}},"29":{"start":{"line":63,"column":8},"end":{"line":65,"column":9}},"30":{"start":{"line":64,"column":12},"end":{"line":64,"column":43}},"31":{"start":{"line":68,"column":8},"end":{"line":68,"column":27}},"32":{"start":{"line":69,"column":8},"end":{"line":69,"column":58}},"33":{"start":{"line":70,"column":8},"end":{"line":72,"column":9}},"34":{"start":{"line":71,"column":12},"end":{"line":71,"column":43}},"35":{"start":{"line":75,"column":8},"end":{"line":75,"column":27}},"36":{"start":{"line":76,"column":8},"end":{"line":76,"column":58}},"37":{"start":{"line":77,"column":8},"end":{"line":79,"column":9}},"38":{"start":{"line":78,"column":12},"end":{"line":78,"column":43}},"39":{"start":{"line":82,"column":8},"end":{"line":82,"column":27}},"40":{"start":{"line":83,"column":8},"end":{"line":83,"column":60}},"41":{"start":{"line":84,"column":8},"end":{"line":86,"column":9}},"42":{"start":{"line":85,"column":12},"end":{"line":85,"column":43}},"43":{"start":{"line":89,"column":8},"end":{"line":89,"column":27}},"44":{"start":{"line":90,"column":8},"end":{"line":90,"column":65}},"45":{"start":{"line":91,"column":8},"end":{"line":93,"column":9}},"46":{"start":{"line":92,"column":12},"end":{"line":92,"column":43}},"47":{"start":{"line":96,"column":8},"end":{"line":96,"column":27}},"48":{"start":{"line":97,"column":8},"end":{"line":97,"column":54}},"49":{"start":{"line":98,"column":8},"end":{"line":100,"column":9}},"50":{"start":{"line":99,"column":12},"end":{"line":99,"column":43}},"51":{"start":{"line":104,"column":0},"end":{"line":117,"column":2}},"52":{"start":{"line":105,"column":4},"end":{"line":105,"column":22}},"53":{"start":{"line":106,"column":4},"end":{"line":106,"column":35}},"54":{"start":{"line":107,"column":4},"end":{"line":107,"column":41}},"55":{"start":{"line":108,"column":4},"end":{"line":108,"column":30}},"56":{"start":{"line":109,"column":4},"end":{"line":109,"column":69}},"57":{"start":{"line":110,"column":4},"end":{"line":116,"column":5}},"58":{"start":{"line":111,"column":8},"end":{"line":111,"column":48}},"59":{"start":{"line":112,"column":8},"end":{"line":112,"column":24}},"60":{"start":{"line":115,"column":8},"end":{"line":115,"column":15}},"61":{"start":{"line":118,"column":0},"end":{"line":118,"column":47}}},"branchMap":{"1":{"line":28,"type":"if","locations":[{"start":{"line":28,"column":8},"end":{"line":28,"column":8}},{"start":{"line":28,"column":8},"end":{"line":28,"column":8}}]},"2":{"line":35,"type":"if","locations":[{"start":{"line":35,"column":8},"end":{"line":35,"column":8}},{"start":{"line":35,"column":8},"end":{"line":35,"column":8}}]},"3":{"line":42,"type":"if","locations":[{"start":{"line":42,"column":8},"end":{"line":42,"column":8}},{"start":{"line":42,"column":8},"end":{"line":42,"column":8}}]},"4":{"line":49,"type":"if","locations":[{"start":{"line":49,"column":8},"end":{"line":49,"column":8}},{"start":{"line":49,"column":8},"end":{"line":49,"column":8}}]},"5":{"line":56,"type":"if","locations":[{"start":{"line":56,"column":8},"end":{"line":56,"column":8}},{"start":{"line":56,"column":8},"end":{"line":56,"column":8}}]},"6":{"line":63,"type":"if","locations":[{"start":{"line":63,"column":8},"end":{"line":63,"column":8}},{"start":{"line":63,"column":8},"end":{"line":63,"column":8}}]},"7":{"line":70,"type":"if","locations":[{"start":{"line":70,"column":8},"end":{"line":70,"column":8}},{"start":{"line":70,"column":8},"end":{"line":70,"column":8}}]},"8":{"line":77,"type":"if","locations":[{"start":{"line":77,"column":8},"end":{"line":77,"column":8}},{"start":{"line":77,"column":8},"end":{"line":77,"column":8}}]},"9":{"line":84,"type":"if","locations":[{"start":{"line":84,"column":8},"end":{"line":84,"column":8}},{"start":{"line":84,"column":8},"end":{"line":84,"column":8}}]},"10":{"line":91,"type":"if","locations":[{"start":{"line":91,"column":8},"end":{"line":91,"column":8}},{"start":{"line":91,"column":8},"end":{"line":91,"column":8}}]},"11":{"line":98,"type":"if","locations":[{"start":{"line":98,"column":8},"end":{"line":98,"column":8}},{"start":{"line":98,"column":8},"end":{"line":98,"column":8}}]},"12":{"line":110,"type":"if","locations":[{"start":{"line":110,"column":4},"end":{"line":110,"column":4}},{"start":{"line":110,"column":4},"end":{"line":110,"column":4}}]}}},"/home/heisenberg/Codes/node-c-parser/lib/struct_or_union_specifier.js":{"path":"/home/heisenberg/Codes/node-c-parser/lib/struct_or_union_specifier.js","s":{"1":1,"2":1,"3":1,"4":1,"5":1,"6":1,"7":0,"8":0,"9":0,"10":0,"11":0,"12":0,"13":0,"14":0,"15":0,"16":0,"17":0,"18":0,"19":0,"20":0,"21":0,"22":0,"23":0,"24":0,"25":0,"26":0,"27":0,"28":0,"29":0,"30":0,"31":0,"32":0,"33":0,"34":0,"35":0,"36":0,"37":0,"38":0,"39":0,"40":0,"41":0,"42":0,"43":0,"44":0,"45":0,"46":0,"47":0,"48":0,"49":0,"50":0,"51":1,"52":0,"53":0,"54":0,"55":0,"56":0,"57":0,"58":0,"59":0,"60":0,"61":1},"b":{"1":[0,0],"2":[0,0],"3":[0,0],"4":[0,0],"5":[0,0],"6":[0,0],"7":[0,0],"8":[0,0],"9":[0,0],"10":[0,0],"11":[0,0],"12":[0,0]},"f":{"1":0,"2":0,"3":0,"4":0},"fnMap":{"1":{"name":"(anonymous_1)","line":17,"loc":{"start":{"line":17,"column":4},"end":{"line":17,"column":39}}},"2":{"name":"(anonymous_2)","line":36,"loc":{"start":{"line":36,"column":4},"end":{"line":36,"column":39}}},"3":{"name":"(anonymous_3)","line":52,"loc":{"start":{"line":52,"column":4},"end":{"line":52,"column":39}}},"4":{"name":"(anonymous_4)","line":64,"loc":{"start":{"line":64,"column":32},"end":{"line":64,"column":61}}}},"statementMap":{"1":{"start":{"line":10,"column":0},"end":{"line":10,"column":26}},"2":{"start":{"line":11,"column":0},"end":{"line":11,"column":65}},"3":{"start":{"line":12,"column":0},"end":{"line":12,"column":45}},"4":{"start":{"line":13,"column":0},"end":{"line":13,"column":67}},"5":{"start":{"line":14,"column":0},"end":{"line":14,"column":91}},"6":{"start":{"line":16,"column":0},"end":{"line":62,"column":2}},"7":{"start":{"line":18,"column":8},"end":{"line":18,"column":27}},"8":{"start":{"line":19,"column":8},"end":{"line":19,"column":27}},"9":{"start":{"line":20,"column":8},"end":{"line":20,"column":27}},"10":{"start":{"line":21,"column":8},"end":{"line":21,"column":27}},"11":{"start":{"line":22,"column":8},"end":{"line":22,"column":27}},"12":{"start":{"line":23,"column":8},"end":{"line":23,"column":55}},"13":{"start":{"line":24,"column":8},"end":{"line":24,"column":74}},"14":{"start":{"line":24,"column":20},"end":{"line":24,"column":74}},"15":{"start":{"line":25,"column":8},"end":{"line":25,"column":65}},"16":{"start":{"line":25,"column":20},"end":{"line":25,"column":65}},"17":{"start":{"line":26,"column":8},"end":{"line":26,"column":75}},"18":{"start":{"line":26,"column":20},"end":{"line":26,"column":75}},"19":{"start":{"line":27,"column":8},"end":{"line":27,"column":65}},"20":{"start":{"line":27,"column":20},"end":{"line":27,"column":65}},"21":{"start":{"line":28,"column":8},"end":{"line":34,"column":9}},"22":{"start":{"line":29,"column":12},"end":{"line":29,"column":43}},"23":{"start":{"line":30,"column":12},"end":{"line":30,"column":43}},"24":{"start":{"line":31,"column":12},"end":{"line":31,"column":43}},"25":{"start":{"line":32,"column":12},"end":{"line":32,"column":43}},"26":{"start":{"line":33,"column":12},"end":{"line":33,"column":43}},"27":{"start":{"line":37,"column":8},"end":{"line":37,"column":27}},"28":{"start":{"line":38,"column":8},"end":{"line":38,"column":27}},"29":{"start":{"line":39,"column":8},"end":{"line":39,"column":27}},"30":{"start":{"line":40,"column":8},"end":{"line":40,"column":27}},"31":{"start":{"line":41,"column":8},"end":{"line":41,"column":55}},"32":{"start":{"line":42,"column":8},"end":{"line":42,"column":65}},"33":{"start":{"line":42,"column":20},"end":{"line":42,"column":65}},"34":{"start":{"line":43,"column":8},"end":{"line":43,"column":75}},"35":{"start":{"line":43,"column":20},"end":{"line":43,"column":75}},"36":{"start":{"line":44,"column":8},"end":{"line":44,"column":65}},"37":{"start":{"line":44,"column":20},"end":{"line":44,"column":65}},"38":{"start":{"line":45,"column":8},"end":{"line":50,"column":9}},"39":{"start":{"line":46,"column":12},"end":{"line":46,"column":43}},"40":{"start":{"line":47,"column":12},"end":{"line":47,"column":43}},"41":{"start":{"line":48,"column":12},"end":{"line":48,"column":43}},"42":{"start":{"line":49,"column":12},"end":{"line":49,"column":43}},"43":{"start":{"line":53,"column":8},"end":{"line":53,"column":27}},"44":{"start":{"line":54,"column":8},"end":{"line":54,"column":27}},"45":{"start":{"line":55,"column":8},"end":{"line":55,"column":55}},"46":{"start":{"line":56,"column":8},"end":{"line":56,"column":74}},"47":{"start":{"line":56,"column":20},"end":{"line":56,"column":74}},"48":{"start":{"line":57,"column":8},"end":{"line":60,"column":9}},"49":{"start":{"line":58,"column":12},"end":{"line":58,"column":43}},"50":{"start":{"line":59,"column":12},"end":{"line":59,"column":43}},"51":{"start":{"line":64,"column":0},"end":{"line":77,"column":2}},"52":{"start":{"line":65,"column":4},"end":{"line":65,"column":22}},"53":{"start":{"line":66,"column":4},"end":{"line":66,"column":35}},"54":{"start":{"line":67,"column":4},"end":{"line":67,"column":52}},"55":{"start":{"line":68,"column":4},"end":{"line":68,"column":30}},"56":{"start":{"line":69,"column":4},"end":{"line":69,"column":69}},"57":{"start":{"line":70,"column":4},"end":{"line":76,"column":5}},"58":{"start":{"line":71,"column":8},"end":{"line":71,"column":48}},"59":{"start":{"line":72,"column":8},"end":{"line":72,"column":24}},"60":{"start":{"line":75,"column":8},"end":{"line":75,"column":15}},"61":{"start":{"line":78,"column":0},"end":{"line":78,"column":69}}},"branchMap":{"1":{"line":24,"type":"if","locations":[{"start":{"line":24,"column":8},"end":{"line":24,"column":8}},{"start":{"line":24,"column":8},"end":{"line":24,"column":8}}]},"2":{"line":25,"type":"if","locations":[{"start":{"line":25,"column":8},"end":{"line":25,"column":8}},{"start":{"line":25,"column":8},"end":{"line":25,"column":8}}]},"3":{"line":26,"type":"if","locations":[{"start":{"line":26,"column":8},"end":{"line":26,"column":8}},{"start":{"line":26,"column":8},"end":{"line":26,"column":8}}]},"4":{"line":27,"type":"if","locations":[{"start":{"line":27,"column":8},"end":{"line":27,"column":8}},{"start":{"line":27,"column":8},"end":{"line":27,"column":8}}]},"5":{"line":28,"type":"if","locations":[{"start":{"line":28,"column":8},"end":{"line":28,"column":8}},{"start":{"line":28,"column":8},"end":{"line":28,"column":8}}]},"6":{"line":42,"type":"if","locations":[{"start":{"line":42,"column":8},"end":{"line":42,"column":8}},{"start":{"line":42,"column":8},"end":{"line":42,"column":8}}]},"7":{"line":43,"type":"if","locations":[{"start":{"line":43,"column":8},"end":{"line":43,"column":8}},{"start":{"line":43,"column":8},"end":{"line":43,"column":8}}]},"8":{"line":44,"type":"if","locations":[{"start":{"line":44,"column":8},"end":{"line":44,"column":8}},{"start":{"line":44,"column":8},"end":{"line":44,"column":8}}]},"9":{"line":45,"type":"if","locations":[{"start":{"line":45,"column":8},"end":{"line":45,"column":8}},{"start":{"line":45,"column":8},"end":{"line":45,"column":8}}]},"10":{"line":56,"type":"if","locations":[{"start":{"line":56,"column":8},"end":{"line":56,"column":8}},{"start":{"line":56,"column":8},"end":{"line":56,"column":8}}]},"11":{"line":57,"type":"if","locations":[{"start":{"line":57,"column":8},"end":{"line":57,"column":8}},{"start":{"line":57,"column":8},"end":{"line":57,"column":8}}]},"12":{"line":70,"type":"if","locations":[{"start":{"line":70,"column":4},"end":{"line":70,"column":4}},{"start":{"line":70,"column":4},"end":{"line":70,"column":4}}]}}},"/home/heisenberg/Codes/node-c-parser/lib/struct_or_union.js":{"path":"/home/heisenberg/Codes/node-c-parser/lib/struct_or_union.js","s":{"1":1,"2":1,"3":1,"4":1,"5":1,"6":0,"7":0,"8":0,"9":0,"10":0,"11":0,"12":0,"13":0,"14":1,"15":0,"16":0,"17":0,"18":0,"19":0,"20":0,"21":0,"22":0,"23":0,"24":1},"b":{"1":[0,0],"2":[0,0],"3":[0,0]},"f":{"1":0,"2":0,"3":0},"fnMap":{"1":{"name":"(anonymous_1)","line":14,"loc":{"start":{"line":14,"column":4},"end":{"line":14,"column":39}}},"2":{"name":"(anonymous_2)","line":21,"loc":{"start":{"line":21,"column":4},"end":{"line":21,"column":39}}},"3":{"name":"(anonymous_3)","line":30,"loc":{"start":{"line":30,"column":22},"end":{"line":30,"column":51}}}},"statementMap":{"1":{"start":{"line":8,"column":0},"end":{"line":8,"column":26}},"2":{"start":{"line":9,"column":0},"end":{"line":9,"column":43}},"3":{"start":{"line":10,"column":0},"end":{"line":10,"column":45}},"4":{"start":{"line":11,"column":0},"end":{"line":11,"column":65}},"5":{"start":{"line":13,"column":0},"end":{"line":28,"column":2}},"6":{"start":{"line":15,"column":8},"end":{"line":15,"column":27}},"7":{"start":{"line":16,"column":8},"end":{"line":16,"column":58}},"8":{"start":{"line":17,"column":8},"end":{"line":19,"column":9}},"9":{"start":{"line":18,"column":12},"end":{"line":18,"column":43}},"10":{"start":{"line":22,"column":8},"end":{"line":22,"column":27}},"11":{"start":{"line":23,"column":8},"end":{"line":23,"column":57}},"12":{"start":{"line":24,"column":8},"end":{"line":26,"column":9}},"13":{"start":{"line":25,"column":12},"end":{"line":25,"column":43}},"14":{"start":{"line":30,"column":0},"end":{"line":43,"column":2}},"15":{"start":{"line":31,"column":4},"end":{"line":31,"column":22}},"16":{"start":{"line":32,"column":4},"end":{"line":32,"column":35}},"17":{"start":{"line":33,"column":4},"end":{"line":33,"column":42}},"18":{"start":{"line":34,"column":4},"end":{"line":34,"column":30}},"19":{"start":{"line":35,"column":4},"end":{"line":35,"column":69}},"20":{"start":{"line":36,"column":4},"end":{"line":42,"column":5}},"21":{"start":{"line":37,"column":8},"end":{"line":37,"column":48}},"22":{"start":{"line":38,"column":8},"end":{"line":38,"column":24}},"23":{"start":{"line":41,"column":8},"end":{"line":41,"column":15}},"24":{"start":{"line":44,"column":0},"end":{"line":44,"column":49}}},"branchMap":{"1":{"line":17,"type":"if","locations":[{"start":{"line":17,"column":8},"end":{"line":17,"column":8}},{"start":{"line":17,"column":8},"end":{"line":17,"column":8}}]},"2":{"line":24,"type":"if","locations":[{"start":{"line":24,"column":8},"end":{"line":24,"column":8}},{"start":{"line":24,"column":8},"end":{"line":24,"column":8}}]},"3":{"line":36,"type":"if","locations":[{"start":{"line":36,"column":4},"end":{"line":36,"column":4}},{"start":{"line":36,"column":4},"end":{"line":36,"column":4}}]}}},"/home/heisenberg/Codes/node-c-parser/lib/struct_declaration_list.js":{"path":"/home/heisenberg/Codes/node-c-parser/lib/struct_declaration_list.js","s":{"1":1,"2":1,"3":1,"4":1,"5":1,"6":1,"7":1,"8":0,"9":0,"10":0,"11":0,"12":0,"13":0,"14":0,"15":0,"16":1,"17":0,"18":0,"19":0,"20":0,"21":0,"22":0,"23":0,"24":0,"25":0,"26":1},"b":{"1":[0,0],"2":[0,0],"3":[0,0]},"f":{"1":0,"2":0},"fnMap":{"1":{"name":"(anonymous_1)","line":15,"loc":{"start":{"line":15,"column":4},"end":{"line":15,"column":39}}},"2":{"name":"(anonymous_2)","line":27,"loc":{"start":{"line":27,"column":30},"end":{"line":27,"column":59}}}},"statementMap":{"1":{"start":{"line":7,"column":0},"end":{"line":7,"column":26}},"2":{"start":{"line":8,"column":0},"end":{"line":8,"column":43}},"3":{"start":{"line":9,"column":0},"end":{"line":9,"column":45}},"4":{"start":{"line":10,"column":0},"end":{"line":10,"column":65}},"5":{"start":{"line":11,"column":0},"end":{"line":11,"column":76}},"6":{"start":{"line":12,"column":0},"end":{"line":12,"column":97}},"7":{"start":{"line":14,"column":0},"end":{"line":25,"column":2}},"8":{"start":{"line":16,"column":8},"end":{"line":16,"column":27}},"9":{"start":{"line":17,"column":8},"end":{"line":17,"column":27}},"10":{"start":{"line":18,"column":8},"end":{"line":18,"column":58}},"11":{"start":{"line":19,"column":8},"end":{"line":19,"column":77}},"12":{"start":{"line":19,"column":20},"end":{"line":19,"column":77}},"13":{"start":{"line":20,"column":8},"end":{"line":23,"column":9}},"14":{"start":{"line":21,"column":12},"end":{"line":21,"column":43}},"15":{"start":{"line":22,"column":12},"end":{"line":22,"column":43}},"16":{"start":{"line":27,"column":0},"end":{"line":40,"column":2}},"17":{"start":{"line":28,"column":4},"end":{"line":28,"column":22}},"18":{"start":{"line":29,"column":4},"end":{"line":29,"column":35}},"19":{"start":{"line":30,"column":4},"end":{"line":30,"column":50}},"20":{"start":{"line":31,"column":4},"end":{"line":31,"column":30}},"21":{"start":{"line":32,"column":4},"end":{"line":32,"column":69}},"22":{"start":{"line":33,"column":4},"end":{"line":39,"column":5}},"23":{"start":{"line":34,"column":8},"end":{"line":34,"column":48}},"24":{"start":{"line":35,"column":8},"end":{"line":35,"column":24}},"25":{"start":{"line":38,"column":8},"end":{"line":38,"column":15}},"26":{"start":{"line":41,"column":0},"end":{"line":41,"column":65}}},"branchMap":{"1":{"line":19,"type":"if","locations":[{"start":{"line":19,"column":8},"end":{"line":19,"column":8}},{"start":{"line":19,"column":8},"end":{"line":19,"column":8}}]},"2":{"line":20,"type":"if","locations":[{"start":{"line":20,"column":8},"end":{"line":20,"column":8}},{"start":{"line":20,"column":8},"end":{"line":20,"column":8}}]},"3":{"line":33,"type":"if","locations":[{"start":{"line":33,"column":4},"end":{"line":33,"column":4}},{"start":{"line":33,"column":4},"end":{"line":33,"column":4}}]}}},"/home/heisenberg/Codes/node-c-parser/lib/struct_declaration.js":{"path":"/home/heisenberg/Codes/node-c-parser/lib/struct_declaration.js","s":{"1":1,"2":1,"3":1,"4":1,"5":1,"6":1,"7":1,"8":0,"9":0,"10":0,"11":0,"12":0,"13":0,"14":0,"15":0,"16":0,"17":0,"18":0,"19":1,"20":0,"21":0,"22":0,"23":0,"24":0,"25":0,"26":0,"27":0,"28":0,"29":1},"b":{"1":[0,0],"2":[0,0],"3":[0,0],"4":[0,0]},"f":{"1":0,"2":0},"fnMap":{"1":{"name":"(anonymous_1)","line":15,"loc":{"start":{"line":15,"column":4},"end":{"line":15,"column":39}}},"2":{"name":"(anonymous_2)","line":29,"loc":{"start":{"line":29,"column":25},"end":{"line":29,"column":54}}}},"statementMap":{"1":{"start":{"line":7,"column":0},"end":{"line":7,"column":26}},"2":{"start":{"line":8,"column":0},"end":{"line":8,"column":43}},"3":{"start":{"line":9,"column":0},"end":{"line":9,"column":45}},"4":{"start":{"line":10,"column":0},"end":{"line":10,"column":65}},"5":{"start":{"line":11,"column":0},"end":{"line":11,"column":94}},"6":{"start":{"line":12,"column":0},"end":{"line":12,"column":88}},"7":{"start":{"line":14,"column":0},"end":{"line":27,"column":2}},"8":{"start":{"line":16,"column":8},"end":{"line":16,"column":27}},"9":{"start":{"line":17,"column":8},"end":{"line":17,"column":27}},"10":{"start":{"line":18,"column":8},"end":{"line":18,"column":64}},"11":{"start":{"line":19,"column":8},"end":{"line":19,"column":74}},"12":{"start":{"line":19,"column":20},"end":{"line":19,"column":74}},"13":{"start":{"line":20,"column":8},"end":{"line":20,"column":65}},"14":{"start":{"line":20,"column":20},"end":{"line":20,"column":65}},"15":{"start":{"line":21,"column":8},"end":{"line":25,"column":9}},"16":{"start":{"line":22,"column":12},"end":{"line":22,"column":43}},"17":{"start":{"line":23,"column":12},"end":{"line":23,"column":43}},"18":{"start":{"line":24,"column":12},"end":{"line":24,"column":43}},"19":{"start":{"line":29,"column":0},"end":{"line":42,"column":2}},"20":{"start":{"line":30,"column":4},"end":{"line":30,"column":22}},"21":{"start":{"line":31,"column":4},"end":{"line":31,"column":35}},"22":{"start":{"line":32,"column":4},"end":{"line":32,"column":45}},"23":{"start":{"line":33,"column":4},"end":{"line":33,"column":30}},"24":{"start":{"line":34,"column":4},"end":{"line":34,"column":69}},"25":{"start":{"line":35,"column":4},"end":{"line":41,"column":5}},"26":{"start":{"line":36,"column":8},"end":{"line":36,"column":48}},"27":{"start":{"line":37,"column":8},"end":{"line":37,"column":24}},"28":{"start":{"line":40,"column":8},"end":{"line":40,"column":15}},"29":{"start":{"line":43,"column":0},"end":{"line":43,"column":55}}},"branchMap":{"1":{"line":19,"type":"if","locations":[{"start":{"line":19,"column":8},"end":{"line":19,"column":8}},{"start":{"line":19,"column":8},"end":{"line":19,"column":8}}]},"2":{"line":20,"type":"if","locations":[{"start":{"line":20,"column":8},"end":{"line":20,"column":8}},{"start":{"line":20,"column":8},"end":{"line":20,"column":8}}]},"3":{"line":21,"type":"if","locations":[{"start":{"line":21,"column":8},"end":{"line":21,"column":8}},{"start":{"line":21,"column":8},"end":{"line":21,"column":8}}]},"4":{"line":35,"type":"if","locations":[{"start":{"line":35,"column":4},"end":{"line":35,"column":4}},{"start":{"line":35,"column":4},"end":{"line":35,"column":4}}]}}},"/home/heisenberg/Codes/node-c-parser/lib/specifier_qualifier_list.js":{"path":"/home/heisenberg/Codes/node-c-parser/lib/specifier_qualifier_list.js","s":{"1":1,"2":1,"3":1,"4":1,"5":1,"6":1,"7":1,"8":0,"9":0,"10":0,"11":0,"12":0,"13":0,"14":0,"15":0,"16":0,"17":0,"18":0,"19":0,"20":0,"21":0,"22":0,"23":0,"24":0,"25":0,"26":0,"27":0,"28":0,"29":0,"30":0,"31":0,"32":1,"33":0,"34":0,"35":0,"36":0,"37":0,"38":0,"39":0,"40":0,"41":0,"42":1},"b":{"1":[0,0],"2":[0,0],"3":[0,0],"4":[0,0],"5":[0,0],"6":[0,0],"7":[0,0]},"f":{"1":0,"2":0,"3":0,"4":0,"5":0},"fnMap":{"1":{"name":"(anonymous_1)","line":18,"loc":{"start":{"line":18,"column":4},"end":{"line":18,"column":39}}},"2":{"name":"(anonymous_2)","line":28,"loc":{"start":{"line":28,"column":4},"end":{"line":28,"column":39}}},"3":{"name":"(anonymous_3)","line":35,"loc":{"start":{"line":35,"column":4},"end":{"line":35,"column":39}}},"4":{"name":"(anonymous_4)","line":45,"loc":{"start":{"line":45,"column":4},"end":{"line":45,"column":39}}},"5":{"name":"(anonymous_5)","line":54,"loc":{"start":{"line":54,"column":31},"end":{"line":54,"column":60}}}},"statementMap":{"1":{"start":{"line":10,"column":0},"end":{"line":10,"column":26}},"2":{"start":{"line":11,"column":0},"end":{"line":11,"column":43}},"3":{"start":{"line":12,"column":0},"end":{"line":12,"column":45}},"4":{"start":{"line":13,"column":0},"end":{"line":13,"column":65}},"5":{"start":{"line":14,"column":0},"end":{"line":14,"column":64}},"6":{"start":{"line":15,"column":0},"end":{"line":15,"column":64}},"7":{"start":{"line":17,"column":0},"end":{"line":52,"column":2}},"8":{"start":{"line":19,"column":8},"end":{"line":19,"column":27}},"9":{"start":{"line":20,"column":8},"end":{"line":20,"column":27}},"10":{"start":{"line":21,"column":8},"end":{"line":21,"column":54}},"11":{"start":{"line":22,"column":8},"end":{"line":22,"column":76}},"12":{"start":{"line":22,"column":20},"end":{"line":22,"column":76}},"13":{"start":{"line":23,"column":8},"end":{"line":26,"column":9}},"14":{"start":{"line":24,"column":12},"end":{"line":24,"column":43}},"15":{"start":{"line":25,"column":12},"end":{"line":25,"column":43}},"16":{"start":{"line":29,"column":8},"end":{"line":29,"column":27}},"17":{"start":{"line":30,"column":8},"end":{"line":30,"column":54}},"18":{"start":{"line":31,"column":8},"end":{"line":33,"column":9}},"19":{"start":{"line":32,"column":12},"end":{"line":32,"column":43}},"20":{"start":{"line":36,"column":8},"end":{"line":36,"column":27}},"21":{"start":{"line":37,"column":8},"end":{"line":37,"column":27}},"22":{"start":{"line":38,"column":8},"end":{"line":38,"column":54}},"23":{"start":{"line":39,"column":8},"end":{"line":39,"column":76}},"24":{"start":{"line":39,"column":20},"end":{"line":39,"column":76}},"25":{"start":{"line":40,"column":8},"end":{"line":43,"column":9}},"26":{"start":{"line":41,"column":12},"end":{"line":41,"column":43}},"27":{"start":{"line":42,"column":12},"end":{"line":42,"column":43}},"28":{"start":{"line":46,"column":8},"end":{"line":46,"column":27}},"29":{"start":{"line":47,"column":8},"end":{"line":47,"column":54}},"30":{"start":{"line":48,"column":8},"end":{"line":50,"column":9}},"31":{"start":{"line":49,"column":12},"end":{"line":49,"column":43}},"32":{"start":{"line":54,"column":0},"end":{"line":67,"column":2}},"33":{"start":{"line":55,"column":4},"end":{"line":55,"column":22}},"34":{"start":{"line":56,"column":4},"end":{"line":56,"column":35}},"35":{"start":{"line":57,"column":4},"end":{"line":57,"column":51}},"36":{"start":{"line":58,"column":4},"end":{"line":58,"column":30}},"37":{"start":{"line":59,"column":4},"end":{"line":59,"column":69}},"38":{"start":{"line":60,"column":4},"end":{"line":66,"column":5}},"39":{"start":{"line":61,"column":8},"end":{"line":61,"column":48}},"40":{"start":{"line":62,"column":8},"end":{"line":62,"column":24}},"41":{"start":{"line":65,"column":8},"end":{"line":65,"column":15}},"42":{"start":{"line":68,"column":0},"end":{"line":68,"column":67}}},"branchMap":{"1":{"line":22,"type":"if","locations":[{"start":{"line":22,"column":8},"end":{"line":22,"column":8}},{"start":{"line":22,"column":8},"end":{"line":22,"column":8}}]},"2":{"line":23,"type":"if","locations":[{"start":{"line":23,"column":8},"end":{"line":23,"column":8}},{"start":{"line":23,"column":8},"end":{"line":23,"column":8}}]},"3":{"line":31,"type":"if","locations":[{"start":{"line":31,"column":8},"end":{"line":31,"column":8}},{"start":{"line":31,"column":8},"end":{"line":31,"column":8}}]},"4":{"line":39,"type":"if","locations":[{"start":{"line":39,"column":8},"end":{"line":39,"column":8}},{"start":{"line":39,"column":8},"end":{"line":39,"column":8}}]},"5":{"line":40,"type":"if","locations":[{"start":{"line":40,"column":8},"end":{"line":40,"column":8}},{"start":{"line":40,"column":8},"end":{"line":40,"column":8}}]},"6":{"line":48,"type":"if","locations":[{"start":{"line":48,"column":8},"end":{"line":48,"column":8}},{"start":{"line":48,"column":8},"end":{"line":48,"column":8}}]},"7":{"line":60,"type":"if","locations":[{"start":{"line":60,"column":4},"end":{"line":60,"column":4}},{"start":{"line":60,"column":4},"end":{"line":60,"column":4}}]}}},"/home/heisenberg/Codes/node-c-parser/lib/type_qualifier.js":{"path":"/home/heisenberg/Codes/node-c-parser/lib/type_qualifier.js","s":{"1":1,"2":1,"3":1,"4":1,"5":0,"6":0,"7":0,"8":0,"9":0,"10":0,"11":0,"12":0,"13":1,"14":0,"15":0,"16":0,"17":0,"18":0,"19":0,"20":0,"21":0,"22":0,"23":1},"b":{"1":[0,0],"2":[0,0],"3":[0,0]},"f":{"1":0,"2":0,"3":0},"fnMap":{"1":{"name":"(anonymous_1)","line":13,"loc":{"start":{"line":13,"column":4},"end":{"line":13,"column":39}}},"2":{"name":"(anonymous_2)","line":20,"loc":{"start":{"line":20,"column":4},"end":{"line":20,"column":39}}},"3":{"name":"(anonymous_3)","line":29,"loc":{"start":{"line":29,"column":21},"end":{"line":29,"column":50}}}},"statementMap":{"1":{"start":{"line":8,"column":0},"end":{"line":8,"column":26}},"2":{"start":{"line":9,"column":0},"end":{"line":9,"column":65}},"3":{"start":{"line":10,"column":0},"end":{"line":10,"column":45}},"4":{"start":{"line":12,"column":0},"end":{"line":27,"column":2}},"5":{"start":{"line":14,"column":8},"end":{"line":14,"column":27}},"6":{"start":{"line":15,"column":8},"end":{"line":15,"column":57}},"7":{"start":{"line":16,"column":8},"end":{"line":18,"column":9}},"8":{"start":{"line":17,"column":12},"end":{"line":17,"column":43}},"9":{"start":{"line":21,"column":8},"end":{"line":21,"column":27}},"10":{"start":{"line":22,"column":8},"end":{"line":22,"column":60}},"11":{"start":{"line":23,"column":8},"end":{"line":25,"column":9}},"12":{"start":{"line":24,"column":12},"end":{"line":24,"column":43}},"13":{"start":{"line":29,"column":0},"end":{"line":42,"column":2}},"14":{"start":{"line":30,"column":4},"end":{"line":30,"column":22}},"15":{"start":{"line":31,"column":4},"end":{"line":31,"column":35}},"16":{"start":{"line":32,"column":4},"end":{"line":32,"column":41}},"17":{"start":{"line":33,"column":4},"end":{"line":33,"column":30}},"18":{"start":{"line":34,"column":4},"end":{"line":34,"column":69}},"19":{"start":{"line":35,"column":4},"end":{"line":41,"column":5}},"20":{"start":{"line":36,"column":8},"end":{"line":36,"column":48}},"21":{"start":{"line":37,"column":8},"end":{"line":37,"column":24}},"22":{"start":{"line":40,"column":8},"end":{"line":40,"column":15}},"23":{"start":{"line":43,"column":0},"end":{"line":43,"column":47}}},"branchMap":{"1":{"line":16,"type":"if","locations":[{"start":{"line":16,"column":8},"end":{"line":16,"column":8}},{"start":{"line":16,"column":8},"end":{"line":16,"column":8}}]},"2":{"line":23,"type":"if","locations":[{"start":{"line":23,"column":8},"end":{"line":23,"column":8}},{"start":{"line":23,"column":8},"end":{"line":23,"column":8}}]},"3":{"line":35,"type":"if","locations":[{"start":{"line":35,"column":4},"end":{"line":35,"column":4}},{"start":{"line":35,"column":4},"end":{"line":35,"column":4}}]}}},"/home/heisenberg/Codes/node-c-parser/lib/struct_declarator_list.js":{"path":"/home/heisenberg/Codes/node-c-parser/lib/struct_declarator_list.js","s":{"1":1,"2":1,"3":1,"4":1,"5":1,"6":1,"7":1,"8":0,"9":0,"10":0,"11":0,"12":0,"13":0,"14":0,"15":0,"16":1,"17":0,"18":0,"19":0,"20":0,"21":0,"22":0,"23":0,"24":0,"25":0,"26":1},"b":{"1":[0,0],"2":[0,0],"3":[0,0]},"f":{"1":0,"2":0},"fnMap":{"1":{"name":"(anonymous_1)","line":15,"loc":{"start":{"line":15,"column":4},"end":{"line":15,"column":39}}},"2":{"name":"(anonymous_2)","line":27,"loc":{"start":{"line":27,"column":29},"end":{"line":27,"column":58}}}},"statementMap":{"1":{"start":{"line":7,"column":0},"end":{"line":7,"column":26}},"2":{"start":{"line":8,"column":0},"end":{"line":8,"column":43}},"3":{"start":{"line":9,"column":0},"end":{"line":9,"column":45}},"4":{"start":{"line":10,"column":0},"end":{"line":10,"column":65}},"5":{"start":{"line":11,"column":0},"end":{"line":11,"column":73}},"6":{"start":{"line":12,"column":0},"end":{"line":12,"column":94}},"7":{"start":{"line":14,"column":0},"end":{"line":25,"column":2}},"8":{"start":{"line":16,"column":8},"end":{"line":16,"column":27}},"9":{"start":{"line":17,"column":8},"end":{"line":17,"column":27}},"10":{"start":{"line":18,"column":8},"end":{"line":18,"column":57}},"11":{"start":{"line":19,"column":8},"end":{"line":19,"column":76}},"12":{"start":{"line":19,"column":20},"end":{"line":19,"column":76}},"13":{"start":{"line":20,"column":8},"end":{"line":23,"column":9}},"14":{"start":{"line":21,"column":12},"end":{"line":21,"column":43}},"15":{"start":{"line":22,"column":12},"end":{"line":22,"column":43}},"16":{"start":{"line":27,"column":0},"end":{"line":40,"column":2}},"17":{"start":{"line":28,"column":4},"end":{"line":28,"column":22}},"18":{"start":{"line":29,"column":4},"end":{"line":29,"column":35}},"19":{"start":{"line":30,"column":4},"end":{"line":30,"column":49}},"20":{"start":{"line":31,"column":4},"end":{"line":31,"column":30}},"21":{"start":{"line":32,"column":4},"end":{"line":32,"column":69}},"22":{"start":{"line":33,"column":4},"end":{"line":39,"column":5}},"23":{"start":{"line":34,"column":8},"end":{"line":34,"column":48}},"24":{"start":{"line":35,"column":8},"end":{"line":35,"column":24}},"25":{"start":{"line":38,"column":8},"end":{"line":38,"column":15}},"26":{"start":{"line":41,"column":0},"end":{"line":41,"column":63}}},"branchMap":{"1":{"line":19,"type":"if","locations":[{"start":{"line":19,"column":8},"end":{"line":19,"column":8}},{"start":{"line":19,"column":8},"end":{"line":19,"column":8}}]},"2":{"line":20,"type":"if","locations":[{"start":{"line":20,"column":8},"end":{"line":20,"column":8}},{"start":{"line":20,"column":8},"end":{"line":20,"column":8}}]},"3":{"line":33,"type":"if","locations":[{"start":{"line":33,"column":4},"end":{"line":33,"column":4}},{"start":{"line":33,"column":4},"end":{"line":33,"column":4}}]}}},"/home/heisenberg/Codes/node-c-parser/lib/struct_declarator.js":{"path":"/home/heisenberg/Codes/node-c-parser/lib/struct_declarator.js","s":{"1":1,"2":1,"3":1,"4":1,"5":1,"6":1,"7":1,"8":0,"9":0,"10":0,"11":0,"12":0,"13":0,"14":0,"15":0,"16":0,"17":0,"18":0,"19":0,"20":0,"21":0,"22":0,"23":0,"24":0,"25":0,"26":0,"27":0,"28":0,"29":0,"30":0,"31":0,"32":1,"33":0,"34":0,"35":0,"36":0,"37":0,"38":0,"39":0,"40":0,"41":0,"42":1},"b":{"1":[0,0],"2":[0,0],"3":[0,0],"4":[0,0],"5":[0,0],"6":[0,0],"7":[0,0]},"f":{"1":0,"2":0,"3":0,"4":0},"fnMap":{"1":{"name":"(anonymous_1)","line":18,"loc":{"start":{"line":18,"column":4},"end":{"line":18,"column":39}}},"2":{"name":"(anonymous_2)","line":25,"loc":{"start":{"line":25,"column":4},"end":{"line":25,"column":39}}},"3":{"name":"(anonymous_3)","line":35,"loc":{"start":{"line":35,"column":4},"end":{"line":35,"column":39}}},"4":{"name":"(anonymous_4)","line":50,"loc":{"start":{"line":50,"column":24},"end":{"line":50,"column":53}}}},"statementMap":{"1":{"start":{"line":10,"column":0},"end":{"line":10,"column":26}},"2":{"start":{"line":11,"column":0},"end":{"line":11,"column":43}},"3":{"start":{"line":12,"column":0},"end":{"line":12,"column":45}},"4":{"start":{"line":13,"column":0},"end":{"line":13,"column":65}},"5":{"start":{"line":14,"column":0},"end":{"line":14,"column":61}},"6":{"start":{"line":15,"column":0},"end":{"line":15,"column":52}},"7":{"start":{"line":17,"column":0},"end":{"line":48,"column":2}},"8":{"start":{"line":19,"column":8},"end":{"line":19,"column":27}},"9":{"start":{"line":20,"column":8},"end":{"line":20,"column":50}},"10":{"start":{"line":21,"column":8},"end":{"line":23,"column":9}},"11":{"start":{"line":22,"column":12},"end":{"line":22,"column":43}},"12":{"start":{"line":26,"column":8},"end":{"line":26,"column":27}},"13":{"start":{"line":27,"column":8},"end":{"line":27,"column":27}},"14":{"start":{"line":28,"column":8},"end":{"line":28,"column":53}},"15":{"start":{"line":29,"column":8},"end":{"line":29,"column":65}},"16":{"start":{"line":29,"column":20},"end":{"line":29,"column":65}},"17":{"start":{"line":30,"column":8},"end":{"line":33,"column":9}},"18":{"start":{"line":31,"column":12},"end":{"line":31,"column":43}},"19":{"start":{"line":32,"column":12},"end":{"line":32,"column":43}},"20":{"start":{"line":36,"column":8},"end":{"line":36,"column":27}},"21":{"start":{"line":37,"column":8},"end":{"line":37,"column":27}},"22":{"start":{"line":38,"column":8},"end":{"line":38,"column":27}},"23":{"start":{"line":39,"column":8},"end":{"line":39,"column":50}},"24":{"start":{"line":40,"column":8},"end":{"line":40,"column":65}},"25":{"start":{"line":40,"column":20},"end":{"line":40,"column":65}},"26":{"start":{"line":41,"column":8},"end":{"line":41,"column":65}},"27":{"start":{"line":41,"column":20},"end":{"line":41,"column":65}},"28":{"start":{"line":42,"column":8},"end":{"line":46,"column":9}},"29":{"start":{"line":43,"column":12},"end":{"line":43,"column":43}},"30":{"start":{"line":44,"column":12},"end":{"line":44,"column":43}},"31":{"start":{"line":45,"column":12},"end":{"line":45,"column":43}},"32":{"start":{"line":50,"column":0},"end":{"line":63,"column":2}},"33":{"start":{"line":51,"column":4},"end":{"line":51,"column":22}},"34":{"start":{"line":52,"column":4},"end":{"line":52,"column":35}},"35":{"start":{"line":53,"column":4},"end":{"line":53,"column":44}},"36":{"start":{"line":54,"column":4},"end":{"line":54,"column":30}},"37":{"start":{"line":55,"column":4},"end":{"line":55,"column":69}},"38":{"start":{"line":56,"column":4},"end":{"line":62,"column":5}},"39":{"start":{"line":57,"column":8},"end":{"line":57,"column":48}},"40":{"start":{"line":58,"column":8},"end":{"line":58,"column":24}},"41":{"start":{"line":61,"column":8},"end":{"line":61,"column":15}},"42":{"start":{"line":64,"column":0},"end":{"line":64,"column":53}}},"branchMap":{"1":{"line":21,"type":"if","locations":[{"start":{"line":21,"column":8},"end":{"line":21,"column":8}},{"start":{"line":21,"column":8},"end":{"line":21,"column":8}}]},"2":{"line":29,"type":"if","locations":[{"start":{"line":29,"column":8},"end":{"line":29,"column":8}},{"start":{"line":29,"column":8},"end":{"line":29,"column":8}}]},"3":{"line":30,"type":"if","locations":[{"start":{"line":30,"column":8},"end":{"line":30,"column":8}},{"start":{"line":30,"column":8},"end":{"line":30,"column":8}}]},"4":{"line":40,"type":"if","locations":[{"start":{"line":40,"column":8},"end":{"line":40,"column":8}},{"start":{"line":40,"column":8},"end":{"line":40,"column":8}}]},"5":{"line":41,"type":"if","locations":[{"start":{"line":41,"column":8},"end":{"line":41,"column":8}},{"start":{"line":41,"column":8},"end":{"line":41,"column":8}}]},"6":{"line":42,"type":"if","locations":[{"start":{"line":42,"column":8},"end":{"line":42,"column":8}},{"start":{"line":42,"column":8},"end":{"line":42,"column":8}}]},"7":{"line":56,"type":"if","locations":[{"start":{"line":56,"column":4},"end":{"line":56,"column":4}},{"start":{"line":56,"column":4},"end":{"line":56,"column":4}}]}}},"/home/heisenberg/Codes/node-c-parser/lib/constant_expr.js":{"path":"/home/heisenberg/Codes/node-c-parser/lib/constant_expr.js","s":{"1":1,"2":1,"3":1,"4":1,"5":0,"6":0,"7":0,"8":0,"9":1,"10":0,"11":0,"12":0,"13":0,"14":0,"15":0,"16":0,"17":0,"18":0,"19":1},"b":{"1":[0,0],"2":[0,0]},"f":{"1":0,"2":0},"fnMap":{"1":{"name":"(anonymous_1)","line":12,"loc":{"start":{"line":12,"column":4},"end":{"line":12,"column":39}}},"2":{"name":"(anonymous_2)","line":21,"loc":{"start":{"line":21,"column":20},"end":{"line":21,"column":49}}}},"statementMap":{"1":{"start":{"line":7,"column":0},"end":{"line":7,"column":26}},"2":{"start":{"line":8,"column":0},"end":{"line":8,"column":65}},"3":{"start":{"line":9,"column":0},"end":{"line":9,"column":61}},"4":{"start":{"line":11,"column":0},"end":{"line":19,"column":2}},"5":{"start":{"line":13,"column":8},"end":{"line":13,"column":27}},"6":{"start":{"line":14,"column":8},"end":{"line":14,"column":56}},"7":{"start":{"line":15,"column":8},"end":{"line":17,"column":9}},"8":{"start":{"line":16,"column":12},"end":{"line":16,"column":43}},"9":{"start":{"line":21,"column":0},"end":{"line":34,"column":2}},"10":{"start":{"line":22,"column":4},"end":{"line":22,"column":22}},"11":{"start":{"line":23,"column":4},"end":{"line":23,"column":35}},"12":{"start":{"line":24,"column":4},"end":{"line":24,"column":40}},"13":{"start":{"line":25,"column":4},"end":{"line":25,"column":30}},"14":{"start":{"line":26,"column":4},"end":{"line":26,"column":69}},"15":{"start":{"line":27,"column":4},"end":{"line":33,"column":5}},"16":{"start":{"line":28,"column":8},"end":{"line":28,"column":48}},"17":{"start":{"line":29,"column":8},"end":{"line":29,"column":24}},"18":{"start":{"line":32,"column":8},"end":{"line":32,"column":15}},"19":{"start":{"line":35,"column":0},"end":{"line":35,"column":45}}},"branchMap":{"1":{"line":15,"type":"if","locations":[{"start":{"line":15,"column":8},"end":{"line":15,"column":8}},{"start":{"line":15,"column":8},"end":{"line":15,"column":8}}]},"2":{"line":27,"type":"if","locations":[{"start":{"line":27,"column":4},"end":{"line":27,"column":4}},{"start":{"line":27,"column":4},"end":{"line":27,"column":4}}]}}},"/home/heisenberg/Codes/node-c-parser/lib/declarator.js":{"path":"/home/heisenberg/Codes/node-c-parser/lib/declarator.js","s":{"1":1,"2":1,"3":1,"4":1,"5":1,"6":0,"7":0,"8":0,"9":0,"10":0,"11":0,"12":0,"13":0,"14":0,"15":0,"16":0,"17":0,"18":1,"19":0,"20":0,"21":0,"22":0,"23":0,"24":0,"25":0,"26":0,"27":0,"28":1},"b":{"1":[0,0],"2":[0,0],"3":[0,0],"4":[0,0]},"f":{"1":0,"2":0,"3":0},"fnMap":{"1":{"name":"(anonymous_1)","line":12,"loc":{"start":{"line":12,"column":4},"end":{"line":12,"column":39}}},"2":{"name":"(anonymous_2)","line":22,"loc":{"start":{"line":22,"column":4},"end":{"line":22,"column":39}}},"3":{"name":"(anonymous_3)","line":31,"loc":{"start":{"line":31,"column":17},"end":{"line":31,"column":46}}}},"statementMap":{"1":{"start":{"line":6,"column":0},"end":{"line":6,"column":26}},"2":{"start":{"line":7,"column":0},"end":{"line":7,"column":65}},"3":{"start":{"line":8,"column":0},"end":{"line":8,"column":43}},"4":{"start":{"line":9,"column":0},"end":{"line":9,"column":73}},"5":{"start":{"line":11,"column":0},"end":{"line":29,"column":2}},"6":{"start":{"line":13,"column":8},"end":{"line":13,"column":27}},"7":{"start":{"line":14,"column":8},"end":{"line":14,"column":27}},"8":{"start":{"line":15,"column":8},"end":{"line":15,"column":47}},"9":{"start":{"line":16,"column":8},"end":{"line":16,"column":69}},"10":{"start":{"line":16,"column":20},"end":{"line":16,"column":69}},"11":{"start":{"line":17,"column":8},"end":{"line":20,"column":9}},"12":{"start":{"line":18,"column":12},"end":{"line":18,"column":43}},"13":{"start":{"line":19,"column":12},"end":{"line":19,"column":43}},"14":{"start":{"line":23,"column":8},"end":{"line":23,"column":27}},"15":{"start":{"line":24,"column":8},"end":{"line":24,"column":57}},"16":{"start":{"line":25,"column":8},"end":{"line":27,"column":9}},"17":{"start":{"line":26,"column":12},"end":{"line":26,"column":43}},"18":{"start":{"line":31,"column":0},"end":{"line":44,"column":2}},"19":{"start":{"line":32,"column":4},"end":{"line":32,"column":22}},"20":{"start":{"line":33,"column":4},"end":{"line":33,"column":35}},"21":{"start":{"line":34,"column":4},"end":{"line":34,"column":37}},"22":{"start":{"line":35,"column":4},"end":{"line":35,"column":30}},"23":{"start":{"line":36,"column":4},"end":{"line":36,"column":69}},"24":{"start":{"line":37,"column":4},"end":{"line":43,"column":5}},"25":{"start":{"line":38,"column":8},"end":{"line":38,"column":48}},"26":{"start":{"line":39,"column":8},"end":{"line":39,"column":24}},"27":{"start":{"line":42,"column":8},"end":{"line":42,"column":15}},"28":{"start":{"line":45,"column":0},"end":{"line":45,"column":39}}},"branchMap":{"1":{"line":16,"type":"if","locations":[{"start":{"line":16,"column":8},"end":{"line":16,"column":8}},{"start":{"line":16,"column":8},"end":{"line":16,"column":8}}]},"2":{"line":17,"type":"if","locations":[{"start":{"line":17,"column":8},"end":{"line":17,"column":8}},{"start":{"line":17,"column":8},"end":{"line":17,"column":8}}]},"3":{"line":25,"type":"if","locations":[{"start":{"line":25,"column":8},"end":{"line":25,"column":8}},{"start":{"line":25,"column":8},"end":{"line":25,"column":8}}]},"4":{"line":37,"type":"if","locations":[{"start":{"line":37,"column":4},"end":{"line":37,"column":4}},{"start":{"line":37,"column":4},"end":{"line":37,"column":4}}]}}},"/home/heisenberg/Codes/node-c-parser/lib/pointer.js":{"path":"/home/heisenberg/Codes/node-c-parser/lib/pointer.js","s":{"1":1,"2":1,"3":1,"4":1,"5":1,"6":0,"7":0,"8":0,"9":0,"10":0,"11":0,"12":0,"13":0,"14":0,"15":0,"16":0,"17":0,"18":0,"19":0,"20":0,"21":0,"22":0,"23":0,"24":0,"25":0,"26":0,"27":0,"28":0,"29":0,"30":0,"31":0,"32":0,"33":0,"34":0,"35":0,"36":0,"37":0,"38":1,"39":0,"40":0,"41":0,"42":0,"43":0,"44":0,"45":0,"46":0,"47":0,"48":1},"b":{"1":[0,0],"2":[0,0],"3":[0,0],"4":[0,0],"5":[0,0],"6":[0,0],"7":[0,0],"8":[0,0],"9":[0,0]},"f":{"1":0,"2":0,"3":0,"4":0,"5":0},"fnMap":{"1":{"name":"(anonymous_1)","line":16,"loc":{"start":{"line":16,"column":4},"end":{"line":16,"column":39}}},"2":{"name":"(anonymous_2)","line":23,"loc":{"start":{"line":23,"column":4},"end":{"line":23,"column":39}}},"3":{"name":"(anonymous_3)","line":33,"loc":{"start":{"line":33,"column":4},"end":{"line":33,"column":39}}},"4":{"name":"(anonymous_4)","line":43,"loc":{"start":{"line":43,"column":4},"end":{"line":43,"column":39}}},"5":{"name":"(anonymous_5)","line":58,"loc":{"start":{"line":58,"column":14},"end":{"line":58,"column":43}}}},"statementMap":{"1":{"start":{"line":10,"column":0},"end":{"line":10,"column":26}},"2":{"start":{"line":11,"column":0},"end":{"line":11,"column":65}},"3":{"start":{"line":12,"column":0},"end":{"line":12,"column":45}},"4":{"start":{"line":13,"column":0},"end":{"line":13,"column":79}},"5":{"start":{"line":15,"column":0},"end":{"line":56,"column":2}},"6":{"start":{"line":17,"column":8},"end":{"line":17,"column":27}},"7":{"start":{"line":18,"column":8},"end":{"line":18,"column":53}},"8":{"start":{"line":19,"column":8},"end":{"line":21,"column":9}},"9":{"start":{"line":20,"column":12},"end":{"line":20,"column":43}},"10":{"start":{"line":24,"column":8},"end":{"line":24,"column":27}},"11":{"start":{"line":25,"column":8},"end":{"line":25,"column":27}},"12":{"start":{"line":26,"column":8},"end":{"line":26,"column":53}},"13":{"start":{"line":27,"column":8},"end":{"line":27,"column":71}},"14":{"start":{"line":27,"column":20},"end":{"line":27,"column":71}},"15":{"start":{"line":28,"column":8},"end":{"line":31,"column":9}},"16":{"start":{"line":29,"column":12},"end":{"line":29,"column":43}},"17":{"start":{"line":30,"column":12},"end":{"line":30,"column":43}},"18":{"start":{"line":34,"column":8},"end":{"line":34,"column":27}},"19":{"start":{"line":35,"column":8},"end":{"line":35,"column":27}},"20":{"start":{"line":36,"column":8},"end":{"line":36,"column":53}},"21":{"start":{"line":37,"column":8},"end":{"line":37,"column":59}},"22":{"start":{"line":37,"column":20},"end":{"line":37,"column":59}},"23":{"start":{"line":38,"column":8},"end":{"line":41,"column":9}},"24":{"start":{"line":39,"column":12},"end":{"line":39,"column":43}},"25":{"start":{"line":40,"column":12},"end":{"line":40,"column":43}},"26":{"start":{"line":44,"column":8},"end":{"line":44,"column":27}},"27":{"start":{"line":45,"column":8},"end":{"line":45,"column":27}},"28":{"start":{"line":46,"column":8},"end":{"line":46,"column":27}},"29":{"start":{"line":47,"column":8},"end":{"line":47,"column":53}},"30":{"start":{"line":48,"column":8},"end":{"line":48,"column":71}},"31":{"start":{"line":48,"column":20},"end":{"line":48,"column":71}},"32":{"start":{"line":49,"column":8},"end":{"line":49,"column":59}},"33":{"start":{"line":49,"column":20},"end":{"line":49,"column":59}},"34":{"start":{"line":50,"column":8},"end":{"line":54,"column":9}},"35":{"start":{"line":51,"column":12},"end":{"line":51,"column":43}},"36":{"start":{"line":52,"column":12},"end":{"line":52,"column":43}},"37":{"start":{"line":53,"column":12},"end":{"line":53,"column":43}},"38":{"start":{"line":58,"column":0},"end":{"line":71,"column":2}},"39":{"start":{"line":59,"column":4},"end":{"line":59,"column":22}},"40":{"start":{"line":60,"column":4},"end":{"line":60,"column":35}},"41":{"start":{"line":61,"column":4},"end":{"line":61,"column":34}},"42":{"start":{"line":62,"column":4},"end":{"line":62,"column":30}},"43":{"start":{"line":63,"column":4},"end":{"line":63,"column":69}},"44":{"start":{"line":64,"column":4},"end":{"line":70,"column":5}},"45":{"start":{"line":65,"column":8},"end":{"line":65,"column":48}},"46":{"start":{"line":66,"column":8},"end":{"line":66,"column":24}},"47":{"start":{"line":69,"column":8},"end":{"line":69,"column":15}},"48":{"start":{"line":72,"column":0},"end":{"line":72,"column":33}}},"branchMap":{"1":{"line":19,"type":"if","locations":[{"start":{"line":19,"column":8},"end":{"line":19,"column":8}},{"start":{"line":19,"column":8},"end":{"line":19,"column":8}}]},"2":{"line":27,"type":"if","locations":[{"start":{"line":27,"column":8},"end":{"line":27,"column":8}},{"start":{"line":27,"column":8},"end":{"line":27,"column":8}}]},"3":{"line":28,"type":"if","locations":[{"start":{"line":28,"column":8},"end":{"line":28,"column":8}},{"start":{"line":28,"column":8},"end":{"line":28,"column":8}}]},"4":{"line":37,"type":"if","locations":[{"start":{"line":37,"column":8},"end":{"line":37,"column":8}},{"start":{"line":37,"column":8},"end":{"line":37,"column":8}}]},"5":{"line":38,"type":"if","locations":[{"start":{"line":38,"column":8},"end":{"line":38,"column":8}},{"start":{"line":38,"column":8},"end":{"line":38,"column":8}}]},"6":{"line":48,"type":"if","locations":[{"start":{"line":48,"column":8},"end":{"line":48,"column":8}},{"start":{"line":48,"column":8},"end":{"line":48,"column":8}}]},"7":{"line":49,"type":"if","locations":[{"start":{"line":49,"column":8},"end":{"line":49,"column":8}},{"start":{"line":49,"column":8},"end":{"line":49,"column":8}}]},"8":{"line":50,"type":"if","locations":[{"start":{"line":50,"column":8},"end":{"line":50,"column":8}},{"start":{"line":50,"column":8},"end":{"line":50,"column":8}}]},"9":{"line":64,"type":"if","locations":[{"start":{"line":64,"column":4},"end":{"line":64,"column":4}},{"start":{"line":64,"column":4},"end":{"line":64,"column":4}}]}}},"/home/heisenberg/Codes/node-c-parser/lib/type_qualifier_list.js":{"path":"/home/heisenberg/Codes/node-c-parser/lib/type_qualifier_list.js","s":{"1":1,"2":1,"3":1,"4":1,"5":1,"6":0,"7":0,"8":0,"9":0,"10":0,"11":0,"12":0,"13":0,"14":1,"15":0,"16":0,"17":0,"18":0,"19":0,"20":0,"21":0,"22":0,"23":0,"24":1},"b":{"1":[0,0],"2":[0,0],"3":[0,0]},"f":{"1":0,"2":0},"fnMap":{"1":{"name":"(anonymous_1)","line":15,"loc":{"start":{"line":15,"column":4},"end":{"line":15,"column":39}}},"2":{"name":"(anonymous_2)","line":27,"loc":{"start":{"line":27,"column":26},"end":{"line":27,"column":55}}}},"statementMap":{"1":{"start":{"line":8,"column":0},"end":{"line":8,"column":26}},"2":{"start":{"line":9,"column":0},"end":{"line":9,"column":65}},"3":{"start":{"line":10,"column":0},"end":{"line":10,"column":64}},"4":{"start":{"line":11,"column":0},"end":{"line":11,"column":65}},"5":{"start":{"line":14,"column":0},"end":{"line":25,"column":2}},"6":{"start":{"line":16,"column":8},"end":{"line":16,"column":27}},"7":{"start":{"line":17,"column":8},"end":{"line":17,"column":27}},"8":{"start":{"line":18,"column":8},"end":{"line":18,"column":54}},"9":{"start":{"line":19,"column":8},"end":{"line":19,"column":73}},"10":{"start":{"line":19,"column":20},"end":{"line":19,"column":73}},"11":{"start":{"line":20,"column":8},"end":{"line":23,"column":9}},"12":{"start":{"line":21,"column":12},"end":{"line":21,"column":43}},"13":{"start":{"line":22,"column":12},"end":{"
[...]
column":69}},"40":{"start":{"line":48,"column":20},"end":{"line":48,"column":69}},"41":{"start":{"line":49,"column":8},"end":{"line":49,"column":65}},"42":{"start":{"line":49,"column":20},"end":{"line":49,"column":65}},"43":{"start":{"line":50,"column":8},"end":{"line":50,"column":56}},"44":{"start":{"line":50,"column":20},"end":{"line":50,"column":56}},"45":{"start":{"line":51,"column":8},"end":{"line":51,"column":65}},"46":{"start":{"line":51,"column":20},"end":{"line":51,"column":65}},"47":{"start":{"line":52,"column":8},"end":{"line":52,"column":65}},"48":{"start":{"line":52,"column":20},"end":{"line":52,"column":65}},"49":{"start":{"line":53,"column":8},"end":{"line":61,"column":9}},"50":{"start":{"line":54,"column":12},"end":{"line":54,"column":43}},"51":{"start":{"line":55,"column":12},"end":{"line":55,"column":43}},"52":{"start":{"line":56,"column":12},"end":{"line":56,"column":43}},"53":{"start":{"line":57,"column":12},"end":{"line":57,"column":43}},"54":{"start":{"line":58,"column":12},"end":{"line":58,"column":43}},"55":{"start":{"line":59,"column":12},"end":{"line":59,"column":43}},"56":{"start":{"line":60,"column":12},"end":{"line":60,"column":43}},"57":{"start":{"line":64,"column":8},"end":{"line":64,"column":27}},"58":{"start":{"line":65,"column":8},"end":{"line":65,"column":27}},"59":{"start":{"line":66,"column":8},"end":{"line":66,"column":27}},"60":{"start":{"line":67,"column":8},"end":{"line":67,"column":27}},"61":{"start":{"line":68,"column":8},"end":{"line":68,"column":27}},"62":{"start":{"line":69,"column":8},"end":{"line":69,"column":27}},"63":{"start":{"line":70,"column":8},"end":{"line":70,"column":55}},"64":{"start":{"line":71,"column":8},"end":{"line":71,"column":65}},"65":{"start":{"line":71,"column":20},"end":{"line":71,"column":65}},"66":{"start":{"line":72,"column":8},"end":{"line":72,"column":67}},"67":{"start":{"line":72,"column":20},"end":{"line":72,"column":67}},"68":{"start":{"line":73,"column":8},"end":{"line":73,"column":67}},"69":{"start":{"line":73,"column":20},"end":{"line":73,"column":67}},"70":{"start":{"line":74,"column":8},"end":{"line":74,"column":65}},"71":{"start":{"line":74,"column":20},"end":{"line":74,"column":65}},"72":{"start":{"line":75,"column":8},"end":{"line":75,"column":56}},"73":{"start":{"line":75,"column":20},"end":{"line":75,"column":56}},"74":{"start":{"line":76,"column":8},"end":{"line":83,"column":9}},"75":{"start":{"line":77,"column":12},"end":{"line":77,"column":43}},"76":{"start":{"line":78,"column":12},"end":{"line":78,"column":43}},"77":{"start":{"line":79,"column":12},"end":{"line":79,"column":43}},"78":{"start":{"line":80,"column":12},"end":{"line":80,"column":43}},"79":{"start":{"line":81,"column":12},"end":{"line":81,"column":43}},"80":{"start":{"line":82,"column":12},"end":{"line":82,"column":43}},"81":{"start":{"line":86,"column":8},"end":{"line":86,"column":27}},"82":{"start":{"line":87,"column":8},"end":{"line":87,"column":27}},"83":{"start":{"line":88,"column":8},"end":{"line":88,"column":27}},"84":{"start":{"line":89,"column":8},"end":{"line":89,"column":27}},"85":{"start":{"line":90,"column":8},"end":{"line":90,"column":27}},"86":{"start":{"line":91,"column":8},"end":{"line":91,"column":27}},"87":{"start":{"line":92,"column":8},"end":{"line":92,"column":55}},"88":{"start":{"line":93,"column":8},"end":{"line":93,"column":65}},"89":{"start":{"line":93,"column":20},"end":{"line":93,"column":65}},"90":{"start":{"line":94,"column":8},"end":{"line":94,"column":67}},"91":{"start":{"line":94,"column":20},"end":{"line":94,"column":67}},"92":{"start":{"line":95,"column":8},"end":{"line":95,"column":67}},"93":{"start":{"line":95,"column":20},"end":{"line":95,"column":67}},"94":{"start":{"line":96,"column":8},"end":{"line":96,"column":56}},"95":{"start":{"line":96,"column":20},"end":{"line":96,"column":56}},"96":{"start":{"line":97,"column":8},"end":{"line":97,"column":65}},"97":{"start":{"line":97,"column":20},"end":{"line":97,"column":65}},"98":{"start":{"line":98,"column":8},"end":{"line":98,"column":56}},"99":{"start":{"line":98,"column":20},"end":{"line":98,"column":56}},"100":{"start":{"line":99,"column":8},"end":{"line":106,"column":9}},"101":{"start":{"line":100,"column":12},"end":{"line":100,"column":43}},"102":{"start":{"line":101,"column":12},"end":{"line":101,"column":43}},"103":{"start":{"line":102,"column":12},"end":{"line":102,"column":43}},"104":{"start":{"line":103,"column":12},"end":{"line":103,"column":43}},"105":{"start":{"line":104,"column":12},"end":{"line":104,"column":43}},"106":{"start":{"line":105,"column":12},"end":{"line":105,"column":43}},"107":{"start":{"line":110,"column":0},"end":{"line":123,"column":2}},"108":{"start":{"line":111,"column":4},"end":{"line":111,"column":22}},"109":{"start":{"line":112,"column":4},"end":{"line":112,"column":35}},"110":{"start":{"line":113,"column":4},"end":{"line":113,"column":41}},"111":{"start":{"line":114,"column":4},"end":{"line":114,"column":30}},"112":{"start":{"line":115,"column":4},"end":{"line":115,"column":69}},"113":{"start":{"line":116,"column":4},"end":{"line":122,"column":5}},"114":{"start":{"line":117,"column":8},"end":{"line":117,"column":48}},"115":{"start":{"line":118,"column":8},"end":{"line":118,"column":24}},"116":{"start":{"line":121,"column":8},"end":{"line":121,"column":15}},"117":{"start":{"line":124,"column":0},"end":{"line":124,"column":47}}},"branchMap":{"1":{"line":26,"type":"if","locations":[{"start":{"line":26,"column":8},"end":{"line":26,"column":8}},{"start":{"line":26,"column":8},"end":{"line":26,"column":8}}]},"2":{"line":27,"type":"if","locations":[{"start":{"line":27,"column":8},"end":{"line":27,"column":8}},{"start":{"line":27,"column":8},"end":{"line":27,"column":8}}]},"3":{"line":28,"type":"if","locations":[{"start":{"line":28,"column":8},"end":{"line":28,"column":8}},{"start":{"line":28,"column":8},"end":{"line":28,"column":8}}]},"4":{"line":29,"type":"if","locations":[{"start":{"line":29,"column":8},"end":{"line":29,"column":8}},{"start":{"line":29,"column":8},"end":{"line":29,"column":8}}]},"5":{"line":30,"type":"if","locations":[{"start":{"line":30,"column":8},"end":{"line":30,"column":8}},{"start":{"line":30,"column":8},"end":{"line":30,"column":8}}]},"6":{"line":47,"type":"if","locations":[{"start":{"line":47,"column":8},"end":{"line":47,"column":8}},{"start":{"line":47,"column":8},"end":{"line":47,"column":8}}]},"7":{"line":48,"type":"if","locations":[{"start":{"line":48,"column":8},"end":{"line":48,"column":8}},{"start":{"line":48,"column":8},"end":{"line":48,"column":8}}]},"8":{"line":49,"type":"if","locations":[{"start":{"line":49,"column":8},"end":{"line":49,"column":8}},{"start":{"line":49,"column":8},"end":{"line":49,"column":8}}]},"9":{"line":50,"type":"if","locations":[{"start":{"line":50,"column":8},"end":{"line":50,"column":8}},{"start":{"line":50,"column":8},"end":{"line":50,"column":8}}]},"10":{"line":51,"type":"if","locations":[{"start":{"line":51,"column":8},"end":{"line":51,"column":8}},{"start":{"line":51,"column":8},"end":{"line":51,"column":8}}]},"11":{"line":52,"type":"if","locations":[{"start":{"line":52,"column":8},"end":{"line":52,"column":8}},{"start":{"line":52,"column":8},"end":{"line":52,"column":8}}]},"12":{"line":53,"type":"if","locations":[{"start":{"line":53,"column":8},"end":{"line":53,"column":8}},{"start":{"line":53,"column":8},"end":{"line":53,"column":8}}]},"13":{"line":71,"type":"if","locations":[{"start":{"line":71,"column":8},"end":{"line":71,"column":8}},{"start":{"line":71,"column":8},"end":{"line":71,"column":8}}]},"14":{"line":72,"type":"if","locations":[{"start":{"line":72,"column":8},"end":{"line":72,"column":8}},{"start":{"line":72,"column":8},"end":{"line":72,"column":8}}]},"15":{"line":73,"type":"if","locations":[{"start":{"line":73,"column":8},"end":{"line":73,"column":8}},{"start":{"line":73,"column":8},"end":{"line":73,"column":8}}]},"16":{"line":74,"type":"if","locations":[{"start":{"line":74,"column":8},"end":{"line":74,"column":8}},{"start":{"line":74,"column":8},"end":{"line":74,"column":8}}]},"17":{"line":75,"type":"if","locations":[{"start":{"line":75,"column":8},"end":{"line":75,"column":8}},{"start":{"line":75,"column":8},"end":{"line":75,"column":8}}]},"18":{"line":76,"type":"if","locations":[{"start":{"line":76,"column":8},"end":{"line":76,"column":8}},{"start":{"line":76,"column":8},"end":{"line":76,"column":8}}]},"19":{"line":93,"type":"if","locations":[{"start":{"line":93,"column":8},"end":{"line":93,"column":8}},{"start":{"line":93,"column":8},"end":{"line":93,"column":8}}]},"20":{"line":94,"type":"if","locations":[{"start":{"line":94,"column":8},"end":{"line":94,"column":8}},{"start":{"line":94,"column":8},"end":{"line":94,"column":8}}]},"21":{"line":95,"type":"if","locations":[{"start":{"line":95,"column":8},"end":{"line":95,"column":8}},{"start":{"line":95,"column":8},"end":{"line":95,"column":8}}]},"22":{"line":96,"type":"if","locations":[{"start":{"line":96,"column":8},"end":{"line":96,"column":8}},{"start":{"line":96,"column":8},"end":{"line":96,"column":8}}]},"23":{"line":97,"type":"if","locations":[{"start":{"line":97,"column":8},"end":{"line":97,"column":8}},{"start":{"line":97,"column":8},"end":{"line":97,"column":8}}]},"24":{"line":98,"type":"if","locations":[{"start":{"line":98,"column":8},"end":{"line":98,"column":8}},{"start":{"line":98,"column":8},"end":{"line":98,"column":8}}]},"25":{"line":99,"type":"if","locations":[{"start":{"line":99,"column":8},"end":{"line":99,"column":8}},{"start":{"line":99,"column":8},"end":{"line":99,"column":8}}]},"26":{"line":116,"type":"if","locations":[{"start":{"line":116,"column":4},"end":{"line":116,"column":4}},{"start":{"line":116,"column":4},"end":{"line":116,"column":4}}]}}},"/home/heisenberg/Codes/node-c-parser/lib/jump_stmt.js":{"path":"/home/heisenberg/Codes/node-c-parser/lib/jump_stmt.js","s":{"1":1,"2":1,"3":1,"4":1,"5":1,"6":1,"7":0,"8":0,"9":0,"10":0,"11":0,"12":0,"13":0,"14":0,"15":0,"16":0,"17":0,"18":0,"19":0,"20":0,"21":0,"22":0,"23":0,"24":0,"25":0,"26":0,"27":0,"28":0,"29":0,"30":0,"31":0,"32":0,"33":0,"34":0,"35":0,"36":0,"37":0,"38":0,"39":0,"40":0,"41":0,"42":0,"43":0,"44":0,"45":0,"46":0,"47":0,"48":0,"49":0,"50":0,"51":0,"52":0,"53":0,"54":0,"55":1,"56":0,"57":0,"58":0,"59":0,"60":0,"61":0,"62":0,"63":0,"64":0,"65":1},"b":{"1":[0,0],"2":[0,0],"3":[0,0],"4":[0,0],"5":[0,0],"6":[0,0],"7":[0,0],"8":[0,0],"9":[0,0],"10":[0,0],"11":[0,0],"12":[0,0],"13":[0,0]},"f":{"1":0,"2":0,"3":0,"4":0,"5":0,"6":0},"fnMap":{"1":{"name":"(anonymous_1)","line":18,"loc":{"start":{"line":18,"column":4},"end":{"line":18,"column":39}}},"2":{"name":"(anonymous_2)","line":31,"loc":{"start":{"line":31,"column":4},"end":{"line":31,"column":39}}},"3":{"name":"(anonymous_3)","line":41,"loc":{"start":{"line":41,"column":4},"end":{"line":41,"column":39}}},"4":{"name":"(anonymous_4)","line":51,"loc":{"start":{"line":51,"column":4},"end":{"line":51,"column":39}}},"5":{"name":"(anonymous_5)","line":61,"loc":{"start":{"line":61,"column":4},"end":{"line":61,"column":39}}},"6":{"name":"(anonymous_6)","line":76,"loc":{"start":{"line":76,"column":16},"end":{"line":76,"column":45}}}},"statementMap":{"1":{"start":{"line":11,"column":0},"end":{"line":11,"column":26}},"2":{"start":{"line":12,"column":0},"end":{"line":12,"column":43}},"3":{"start":{"line":13,"column":0},"end":{"line":13,"column":45}},"4":{"start":{"line":14,"column":0},"end":{"line":14,"column":65}},"5":{"start":{"line":15,"column":0},"end":{"line":15,"column":34}},"6":{"start":{"line":17,"column":0},"end":{"line":74,"column":2}},"7":{"start":{"line":19,"column":8},"end":{"line":19,"column":27}},"8":{"start":{"line":20,"column":8},"end":{"line":20,"column":27}},"9":{"start":{"line":21,"column":8},"end":{"line":21,"column":27}},"10":{"start":{"line":22,"column":8},"end":{"line":22,"column":56}},"11":{"start":{"line":23,"column":8},"end":{"line":23,"column":74}},"12":{"start":{"line":23,"column":20},"end":{"line":23,"column":74}},"13":{"start":{"line":24,"column":8},"end":{"line":24,"column":65}},"14":{"start":{"line":24,"column":20},"end":{"line":24,"column":65}},"15":{"start":{"line":25,"column":8},"end":{"line":29,"column":9}},"16":{"start":{"line":26,"column":12},"end":{"line":26,"column":43}},"17":{"start":{"line":27,"column":12},"end":{"line":27,"column":43}},"18":{"start":{"line":28,"column":12},"end":{"line":28,"column":43}},"19":{"start":{"line":32,"column":8},"end":{"line":32,"column":27}},"20":{"start":{"line":33,"column":8},"end":{"line":33,"column":27}},"21":{"start":{"line":34,"column":8},"end":{"line":34,"column":60}},"22":{"start":{"line":35,"column":8},"end":{"line":35,"column":65}},"23":{"start":{"line":35,"column":20},"end":{"line":35,"column":65}},"24":{"start":{"line":36,"column":8},"end":{"line":39,"column":9}},"25":{"start":{"line":37,"column":12},"end":{"line":37,"column":43}},"26":{"start":{"line":38,"column":12},"end":{"line":38,"column":43}},"27":{"start":{"line":42,"column":8},"end":{"line":42,"column":27}},"28":{"start":{"line":43,"column":8},"end":{"line":43,"column":27}},"29":{"start":{"line":44,"column":8},"end":{"line":44,"column":57}},"30":{"start":{"line":45,"column":8},"end":{"line":45,"column":65}},"31":{"start":{"line":45,"column":20},"end":{"line":45,"column":65}},"32":{"start":{"line":46,"column":8},"end":{"line":49,"column":9}},"33":{"start":{"line":47,"column":12},"end":{"line":47,"column":43}},"34":{"start":{"line":48,"column":12},"end":{"line":48,"column":43}},"35":{"start":{"line":52,"column":8},"end":{"line":52,"column":27}},"36":{"start":{"line":53,"column":8},"end":{"line":53,"column":27}},"37":{"start":{"line":54,"column":8},"end":{"line":54,"column":58}},"38":{"start":{"line":55,"column":8},"end":{"line":55,"column":65}},"39":{"start":{"line":55,"column":20},"end":{"line":55,"column":65}},"40":{"start":{"line":56,"column":8},"end":{"line":59,"column":9}},"41":{"start":{"line":57,"column":12},"end":{"line":57,"column":43}},"42":{"start":{"line":58,"column":12},"end":{"line":58,"column":43}},"43":{"start":{"line":62,"column":8},"end":{"line":62,"column":27}},"44":{"start":{"line":63,"column":8},"end":{"line":63,"column":27}},"45":{"start":{"line":64,"column":8},"end":{"line":64,"column":27}},"46":{"start":{"line":65,"column":8},"end":{"line":65,"column":58}},"47":{"start":{"line":66,"column":8},"end":{"line":66,"column":56}},"48":{"start":{"line":66,"column":20},"end":{"line":66,"column":56}},"49":{"start":{"line":67,"column":8},"end":{"line":67,"column":65}},"50":{"start":{"line":67,"column":20},"end":{"line":67,"column":65}},"51":{"start":{"line":68,"column":8},"end":{"line":72,"column":9}},"52":{"start":{"line":69,"column":12},"end":{"line":69,"column":43}},"53":{"start":{"line":70,"column":12},"end":{"line":70,"column":43}},"54":{"start":{"line":71,"column":12},"end":{"line":71,"column":43}},"55":{"start":{"line":76,"column":0},"end":{"line":89,"column":2}},"56":{"start":{"line":77,"column":4},"end":{"line":77,"column":22}},"57":{"start":{"line":78,"column":4},"end":{"line":78,"column":35}},"58":{"start":{"line":79,"column":4},"end":{"line":79,"column":36}},"59":{"start":{"line":80,"column":4},"end":{"line":80,"column":30}},"60":{"start":{"line":81,"column":4},"end":{"line":81,"column":69}},"61":{"start":{"line":82,"column":4},"end":{"line":88,"column":5}},"62":{"start":{"line":83,"column":8},"end":{"line":83,"column":48}},"63":{"start":{"line":84,"column":8},"end":{"line":84,"column":24}},"64":{"start":{"line":87,"column":8},"end":{"line":87,"column":15}},"65":{"start":{"line":90,"column":0},"end":{"line":90,"column":37}}},"branchMap":{"1":{"line":23,"type":"if","locations":[{"start":{"line":23,"column":8},"end":{"line":23,"column":8}},{"start":{"line":23,"column":8},"end":{"line":23,"column":8}}]},"2":{"line":24,"type":"if","locations":[{"start":{"line":24,"column":8},"end":{"line":24,"column":8}},{"start":{"line":24,"column":8},"end":{"line":24,"column":8}}]},"3":{"line":25,"type":"if","locations":[{"start":{"line":25,"column":8},"end":{"line":25,"column":8}},{"start":{"line":25,"column":8},"end":{"line":25,"column":8}}]},"4":{"line":35,"type":"if","locations":[{"start":{"line":35,"column":8},"end":{"line":35,"column":8}},{"start":{"line":35,"column":8},"end":{"line":35,"column":8}}]},"5":{"line":36,"type":"if","locations":[{"start":{"line":36,"column":8},"end":{"line":36,"column":8}},{"start":{"line":36,"column":8},"end":{"line":36,"column":8}}]},"6":{"line":45,"type":"if","locations":[{"start":{"line":45,"column":8},"end":{"line":45,"column":8}},{"start":{"line":45,"column":8},"end":{"line":45,"column":8}}]},"7":{"line":46,"type":"if","locations":[{"start":{"line":46,"column":8},"end":{"line":46,"column":8}},{"start":{"line":46,"column":8},"end":{"line":46,"column":8}}]},"8":{"line":55,"type":"if","locations":[{"start":{"line":55,"column":8},"end":{"line":55,"column":8}},{"start":{"line":55,"column":8},"end":{"line":55,"column":8}}]},"9":{"line":56,"type":"if","locations":[{"start":{"line":56,"column":8},"end":{"line":56,"column":8}},{"start":{"line":56,"column":8},"end":{"line":56,"column":8}}]},"10":{"line":66,"type":"if","locations":[{"start":{"line":66,"column":8},"end":{"line":66,"column":8}},{"start":{"line":66,"column":8},"end":{"line":66,"column":8}}]},"11":{"line":67,"type":"if","locations":[{"start":{"line":67,"column":8},"end":{"line":67,"column":8}},{"start":{"line":67,"column":8},"end":{"line":67,"column":8}}]},"12":{"line":68,"type":"if","locations":[{"start":{"line":68,"column":8},"end":{"line":68,"column":8}},{"start":{"line":68,"column":8},"end":{"line":68,"column":8}}]},"13":{"line":82,"type":"if","locations":[{"start":{"line":82,"column":4},"end":{"line":82,"column":4}},{"start":{"line":82,"column":4},"end":{"line":82,"column":4}}]}}},"/home/heisenberg/Codes/node-c-parser/lib/translation_unit_p.js":{"path":"/home/heisenberg/Codes/node-c-parser/lib/translation_unit_p.js","s":{"1":1,"2":1,"3":1,"4":1,"5":0,"6":0,"7":0,"8":0,"9":0,"10":0,"11":0,"12":0,"13":0,"14":0,"15":0,"16":0,"17":0,"18":0,"19":0,"20":0,"21":1},"b":{"1":[0,0],"2":[0,0]},"f":{"1":0},"fnMap":{"1":{"name":"(anonymous_1)","line":10,"loc":{"start":{"line":10,"column":25},"end":{"line":10,"column":54}}}},"statementMap":{"1":{"start":{"line":6,"column":0},"end":{"line":6,"column":26}},"2":{"start":{"line":7,"column":0},"end":{"line":7,"column":82}},"3":{"start":{"line":8,"column":0},"end":{"line":8,"column":43}},"4":{"start":{"line":10,"column":0},"end":{"line":35,"column":1}},"5":{"start":{"line":11,"column":4},"end":{"line":11,"column":38}},"6":{"start":{"line":12,"column":4},"end":{"line":12,"column":35}},"7":{"start":{"line":14,"column":4},"end":{"line":14,"column":45}},"8":{"start":{"line":15,"column":4},"end":{"line":15,"column":30}},"9":{"start":{"line":17,"column":4},"end":{"line":17,"column":60}},"10":{"start":{"line":18,"column":4},"end":{"line":34,"column":5}},"11":{"start":{"line":19,"column":8},"end":{"line":19,"column":43}},"12":{"start":{"line":20,"column":8},"end":{"line":20,"column":48}},"13":{"start":{"line":21,"column":8},"end":{"line":21,"column":24}},"14":{"start":{"line":24,"column":8},"end":{"line":24,"column":48}},"15":{"start":{"line":25,"column":8},"end":{"line":25,"column":51}},"16":{"start":{"line":26,"column":8},"end":{"line":33,"column":9}},"17":{"start":{"line":27,"column":12},"end":{"line":27,"column":47}},"18":{"start":{"line":28,"column":12},"end":{"line":28,"column":52}},"19":{"start":{"line":29,"column":12},"end":{"line":29,"column":28}},"20":{"start":{"line":32,"column":12},"end":{"line":32,"column":19}},"21":{"start":{"line":36,"column":0},"end":{"line":36,"column":55}}},"branchMap":{"1":{"line":18,"type":"if","locations":[{"start":{"line":18,"column":4},"end":{"line":18,"column":4}},{"start":{"line":18,"column":4},"end":{"line":18,"column":4}}]},"2":{"line":26,"type":"if","locations":[{"start":{"line":26,"column":8},"end":{"line":26,"column":8}},{"start":{"line":26,"column":8},"end":{"line":26,"column":8}}]}}}}